T2E04 000:000.931   SEGGER J-Link V7.98c Log File
T2E04 000:001.108   DLL Compiled: Aug  7 2024 15:37:06
T2E04 000:001.121   Logging started @ 2025-01-13 06:25
T2E04 000:001.135   Process: C:\Users\jerry.chen\.eclipse\com.renesas.platform_1435879475\DebugComp\RZ\e2-server-gdb.exe
T2E04 000:001.150 - 1.148ms
T2E04 000:001.170 JLINK_GetDLLVersion()
T2E04 000:001.184 - 0.014ms returns 79803
T2E04 000:001.913 JLINK_OpenEx(...)
T2E04 000:016.578   Firmware: J-Link OB-S124 compiled Jul  3 2024 17:03:07
T2E04 000:018.461   Firmware: J-Link OB-S124 compiled Jul  3 2024 17:03:07
T2E04 000:046.009   Hardware: V1.00
T2E04 000:046.089   S/N: 839004651
T2E04 000:046.121   OEM: SEGGER
T2E04 000:046.146   Feature(s): None
T2E04 000:048.523   Bootloader: 2019 Oct 15
T2E04 000:061.121   USB speed mode: Full speed (12 MBit/s)
T2E04 000:062.287   TELNET listener socket opened on port 19021
T2E04 000:062.607   WEBSRV WEBSRV_Init(): Starting webserver thread(s)
T2E04 000:062.732   WEBSRV Failed to put socket into listener state (port 19080)
T2E04 000:062.960   WEBSRV Webserver running on local port 19081
T2E04 000:063.237   Looking for J-Link GUI Server exe at: C:\Users\jerry.chen\.eclipse\com.renesas.platform_1435879475\DebugComp\RZ\ARM\Segger_v7.98.3\JLinkGUIServer.exe
T2E04 000:063.480   Looking for J-Link GUI Server exe at: C:\Program Files\SEGGER\JLink\JLinkGUIServer.exe
T2E04 000:063.564   Forking J-Link GUI Server: C:\Program Files\SEGGER\JLink\JLinkGUIServer.exe
T2E04 000:073.282   J-Link GUI Server info: "J-Link GUI server V7.98i "
T2E04 000:074.505 - 72.587ms returns "O.K."
T2E04 000:074.666 JLINK_ExecCommand("ProjectFile=E:\RS_workspace\rzt2m_coremark_fsp220_cpu1/rzt2m_coremark_fsp220_cpu1 Debug_Flat.jlink", ...). 
T2E04 000:116.726 - 42.061ms returns 0x00
T2E04 000:117.328 JLINK_ExecCommand("device=R9A07G075M24_CPU1", ...). 
T2E04 000:118.302   Device "R9A07G075M24_CPU1" selected.
T2E04 000:120.217 - 2.865ms returns 0x00
T2E04 000:120.266 JLINK_ExecCommand("SetCPUConnectIDCODE = FFFFFFFFFFFFFFFFFFFFFFFFFFFFFFFF", ...). 
T2E04 000:120.289 - 0.005ms returns 0x00
T2E04 000:120.305 JLINK_TIF_GetAvailable(...)
T2E04 000:120.856 - 0.550ms
T2E04 000:120.950 JLINK_TIF_Select(JLINKARM_TIF_SWD)
T2E04 000:122.260 - 1.309ms returns 0x00
T2E04 000:122.326 JLINK_SetSpeed(4000)
T2E04 000:122.504 - 0.179ms
T2E04 000:122.570 JLINK_SetEndian(ARM_ENDIAN_LITTLE)
T2E04 000:122.590 - 0.020ms returns 0
T2E04 000:122.607 JLINK_SetInitRegsOnReset(OFF)
T2E04 000:122.625 - 0.018ms returns 1
T2E04 000:122.641 JLINK_SetResetType(JLINKARM_RESET_TYPE_NORMAL)
T2E04 000:122.656 - 0.014ms returns JLINKARM_RESET_TYPE_NORMAL
T2E04 000:122.671 JLINK_ExecCommand("EnableFlashBPs", ...). 
T2E04 000:122.685 - 0.000ms returns 0x00
T2E04 000:122.700 JLINK_ExecCommand("SetAllowFlashCache = 1", ...). 
T2E04 000:122.715 - 0.000ms returns 0x01
T2E04 000:122.729 JLINK_ExecCommand("SetRestartOnClose = 0", ...). 
T2E04 000:122.745 - 0.001ms returns 0x01
T2E04 000:122.760 JLINK_EnableSoftBPs(ON)
T2E04 000:122.772 - 0.014ms
T2E04 000:122.791 JLINK_Connect()
T2E04 000:123.493   ConfigTargetSettings() start
T2E04 000:123.530    J-Link Script File: Executing ConfigTargetSettings()
T2E04 000:123.567   ConfigTargetSettings() end - Took 37us
T2E04 000:123.590   InitTarget() start
T2E04 000:123.609    J-Link Script File: Executing InitTarget()
T2E04 000:127.965   CPU1 already released from reset
T2E04 000:128.021   InitTarget() end - Took 4.41ms
T2E04 000:129.101   Found SW-DP with ID 0x6BA02477
T2E04 000:133.146   DPIDR: 0x6BA02477
T2E04 000:133.209   CoreSight SoC-400 or earlier
T2E04 000:133.229   AP map detection skipped. Manually configured AP map found.
T2E04 000:133.253   AP[0]: APB-AP (IDR: Not set)
T2E04 000:133.272   AP[1]: APB-AP (IDR: Not set)
T2E04 000:133.290   AP[2]: AXI-AP (IDR: Not set)
T2E04 000:133.310   Using preconfigured AP[1] as APB-AP
T2E04 000:133.329   AP[1]: APB-AP found
T2E04 000:133.349   DebugRegs + CTI manually specified. ROM table scan skipped.
T2E04 000:135.241   Cortex-R52 @ 0x80810000 (configured)
T2E04 000:135.357   CoreCTI @ 0x80820000 (configured)
T2E04 000:137.780   Debug architecture: ARMv8.0
T2E04 000:137.819   8 code breakpoints, 8 data breakpoints
T2E04 000:139.480   Processor features:
T2E04 000:139.522     EL0 support: AArch32
T2E04 000:139.543     EL1 support: AArch32
T2E04 000:139.562     EL2 support: AArch32
T2E04 000:139.580     EL3 support: N/A
T2E04 000:139.599     FPU support: Single + Double + Conversion
T2E04 000:140.339   -- Max. mem block: 0x000016F8
T2E04 000:142.414   Add. info (CPU temp. halted)
T2E04 000:161.785   Current exception level: EL1
T2E04 000:161.838   Exception level AArch usage:
T2E04 000:161.858     EL0: AArch32
T2E04 000:161.876     EL1: AArch32
T2E04 000:161.895     EL2: AArch32
T2E04 000:161.914     EL3: AArch32
T2E04 000:161.933   Non-secure status: Non-secure
T2E04 000:163.129   Cache info:
T2E04 000:163.162     Inner cache boundary: none
T2E04 000:163.181     LoU Uniprocessor: 1
T2E04 000:163.200     LoC: 1
T2E04 000:163.218     LoU Inner Shareable: 1
T2E04 000:166.040   I-Cache L1: 32 KB, 128 Sets, 64 Bytes/Line, 4-Way
T2E04 000:166.107   D-Cache L1: 32 KB, 128 Sets, 64 Bytes/Line, 4-Way
T2E04 000:169.827 - 47.035ms returns 0x00
T2E04 000:169.896 JLINK_Halt()
T2E04 000:188.452 - 18.554ms returns 0x00
T2E04 000:188.541 JLINK_IsHalted()
T2E04 000:188.559 - 0.017ms returns TRUE
T2E04 000:188.581 JLINK_IsHalted()
T2E04 000:188.595 - 0.013ms returns TRUE
T2E04 000:188.822 JLINK_MeasureCPUSpeed(RAMAddr = 0xFFFFFFFF)
T2E04 000:188.839 - 0.017ms returns 0
T2E04 000:188.951 JLINK_ReadReg(AARCH32_CPSR)
T2E04 000:188.971 - 0.020ms returns 0x20000033
T589C 002:493.542 JLINK_BeginDownload(Flags = 0x00000000)
T589C 002:493.610 - 0.060ms
T589C 002:507.254 JLINK_IsHalted()
T589C 002:508.446 - 1.191ms returns TRUE
T589C 002:508.519 JLINK_WriteMem(0x10000000, 0x80 Bytes, ...)
T589C 002:508.536   Data:  18 F0 9F E5 18 F0 9F E5 18 F0 9F E5 18 F0 9F E5 ...
T589C 002:508.758   CPU_WriteMem(128 bytes @ 0x10000000)
T589C 002:511.952 - 3.432ms returns 0x80
T589C 002:512.402 JLINK_IsHalted()
T589C 002:512.446 - 0.043ms returns TRUE
T589C 002:512.467 JLINK_WriteMem(0x10000800, 0x4 Bytes, ...)
T589C 002:512.487   Data:  01 E0 54 AC
T589C 002:512.527   CPU_WriteMem(4 bytes @ 0x10000800)
T589C 002:514.514 - 2.045ms returns 0x4
T589C 002:515.137 JLINK_IsHalted()
T589C 002:515.194 - 0.057ms returns TRUE
T589C 002:515.218 JLINK_WriteMem(0x10001000, 0xBB0 Bytes, ...)
T589C 002:515.238   Data:  83 07 0B E3 00 00 40 E3 30 0F 81 EE 11 1F 91 EE ...
T589C 002:515.281   CPU_WriteMem(2992 bytes @ 0x10001000)
T589C 002:544.618 - 29.400ms returns 0xBB0
T589C 002:545.372 JLINK_IsHalted()
T589C 002:545.434 - 0.062ms returns TRUE
T589C 002:545.456 JLINK_WriteMem(0x10001BB0, 0x250 Bytes, ...)
T589C 002:545.477   Data:  DB B2 08 BF 44 F0 08 04 04 D0 BC F1 12 0F 08 BF ...
T589C 002:545.525   CPU_WriteMem(592 bytes @ 0x10001BB0)
T589C 002:553.920 - 8.463ms returns 0x250
T589C 002:554.382 JLINK_IsHalted()
T589C 002:554.432 - 0.049ms returns TRUE
T589C 002:554.453 JLINK_WriteMem(0x10001E00, 0x918 Bytes, ...)
T589C 002:554.469   Data:  02 00 00 10 C3 FF 1F 10 12 00 00 20 C7 FF 07 20 ...
T589C 002:554.500   CPU_WriteMem(2328 bytes @ 0x10001E00)
T589C 002:578.324 - 23.869ms returns 0x918
T589C 002:579.042 JLINK_IsHalted()
T589C 002:579.211 - 0.186ms returns TRUE
T589C 002:579.228 JLINK_WriteMem(0x10010000, 0xBB0 Bytes, ...)
T589C 002:579.243   Data:  70 B5 62 B6 47 F6 10 61 48 F6 F4 30 C1 F2 01 01 ...
T589C 002:579.370   CPU_WriteMem(2992 bytes @ 0x10010000)
T589C 002:608.908 - 29.678ms returns 0xBB0
T589C 002:609.740 JLINK_IsHalted()
T589C 002:609.836 - 0.095ms returns TRUE
T589C 002:609.856 JLINK_WriteMem(0x10010BB0, 0xBB0 Bytes, ...)
T589C 002:609.870   Data:  80 46 17 46 21 8F 62 D0 01 2B 1C BF 2F 46 A8 B2 ...
T589C 002:609.914   CPU_WriteMem(2992 bytes @ 0x10010BB0)
T589C 002:639.490 - 29.633ms returns 0xBB0
T589C 002:640.082 JLINK_IsHalted()
T589C 002:640.130 - 0.047ms returns TRUE
T589C 002:640.145 JLINK_WriteMem(0x10011760, 0xBC0 Bytes, ...)
T589C 002:640.163   Data:  00 23 C9 E7 00 20 DD E9 02 BE DD F8 18 90 DD F8 ...
T589C 002:640.196   CPU_WriteMem(3008 bytes @ 0x10011760)
T589C 002:669.809 - 29.662ms returns 0xBC0
T589C 002:670.340 JLINK_IsHalted()
T589C 002:670.382 - 0.042ms returns TRUE
T589C 002:670.397 JLINK_WriteMem(0x10012320, 0xBB0 Bytes, ...)
T589C 002:670.411   Data:  0A 60 6A 78 A2 B1 2C 2A 48 D0 2E 2A 42 D0 30 3A ...
T589C 002:670.450   CPU_WriteMem(2992 bytes @ 0x10012320)
T589C 002:700.074 - 29.675ms returns 0xBB0
T589C 002:700.564 JLINK_IsHalted()
T589C 002:700.601 - 0.036ms returns TRUE
T589C 002:700.616 JLINK_WriteMem(0x10012ED0, 0xB90 Bytes, ...)
T589C 002:700.632   Data:  22 60 23 61 33 46 0B AA 21 46 28 46 00 97 00 F0 ...
T589C 002:700.660   CPU_WriteMem(2960 bytes @ 0x10012ED0)
T589C 002:729.775 - 29.158ms returns 0xB90
T589C 002:730.601 JLINK_IsHalted()
T589C 002:730.685 - 0.084ms returns TRUE
T589C 002:730.704 JLINK_WriteMem(0x10013A60, 0xBB0 Bytes, ...)
T589C 002:730.718   Data:  00 7C 01 10 38 B5 04 46 05 4D 08 46 00 23 2B 60 ...
T589C 002:730.758   CPU_WriteMem(2992 bytes @ 0x10013A60)
T589C 002:759.099 - 28.395ms returns 0xBB0
T589C 002:759.861 JLINK_IsHalted()
T589C 002:759.936 - 0.090ms returns TRUE
T589C 002:759.958 JLINK_WriteMem(0x10014610, 0xBC0 Bytes, ...)
T589C 002:759.971   Data:  00 0F 4F F0 00 08 CC BF 5E 46 01 26 3E 44 01 99 ...
T589C 002:760.027   CPU_WriteMem(3008 bytes @ 0x10014610)
T589C 002:790.065 - 30.105ms returns 0xBC0
T589C 002:790.808 JLINK_IsHalted()
T589C 002:790.859 - 0.051ms returns TRUE
T589C 002:790.874 JLINK_WriteMem(0x100151D0, 0xBB0 Bytes, ...)
T589C 002:790.905   Data:  DF E8 03 F0 14 03 1D 20 14 00 DD E9 14 AB EF 05 ...
T589C 002:790.940   CPU_WriteMem(2992 bytes @ 0x100151D0)
T589C 002:820.538 - 29.663ms returns 0xBB0
T589C 002:821.332 JLINK_IsHalted()
T589C 002:821.384 - 0.051ms returns TRUE
T589C 002:821.398 JLINK_WriteMem(0x10015D80, 0xB90 Bytes, ...)
T589C 002:821.411   Data:  A3 89 23 F4 90 63 43 F0 80 03 A3 81 26 61 4E 44 ...
T589C 002:821.456   CPU_WriteMem(2960 bytes @ 0x10015D80)
T589C 002:850.773 - 29.374ms returns 0xB90
T589C 002:851.467 JLINK_IsHalted()
T589C 002:851.508 - 0.040ms returns TRUE
T589C 002:851.524 JLINK_WriteMem(0x10016910, 0xBC0 Bytes, ...)
T589C 002:851.537   Data:  C8 E7 4E 46 2F 46 01 25 C4 E7 00 24 B1 1C CD E7 ...
T589C 002:851.564   CPU_WriteMem(3008 bytes @ 0x10016910)
T589C 002:881.466 - 29.942ms returns 0xBC0
T589C 002:882.253 JLINK_IsHalted()
T589C 002:882.294 - 0.041ms returns TRUE
T589C 002:882.310 JLINK_WriteMem(0x100174D0, 0x5D0 Bytes, ...)
T589C 002:882.324   Data:  B3 EB 41 2F 00 BF 40 EB 00 00 28 BF A3 EB 41 23 ...
T589C 002:882.350   CPU_WriteMem(1488 bytes @ 0x100174D0)
T589C 002:898.257 - 15.939ms returns 0x5D0
T589C 002:898.955 JLINK_IsHalted()
T589C 002:899.063 - 0.107ms returns TRUE
T589C 002:899.080 JLINK_WriteMem(0x10017AA0, 0x8 Bytes, ...)
T589C 002:899.094   Data:  D0 AF FF 7F 01 00 00 00
T589C 002:899.133   CPU_WriteMem(8 bytes @ 0x10017AA0)
T589C 002:901.071 - 1.990ms returns 0x8
T589C 002:901.514 JLINK_IsHalted()
T589C 002:901.548 - 0.034ms returns TRUE
T589C 002:901.564 JLINK_WriteMem(0x10017AA8, 0xBD8 Bytes, ...)
T589C 002:901.579   Data:  01 00 00 00 30 75 00 00 66 00 00 00 B8 7A 01 10 ...
T589C 002:901.606   CPU_WriteMem(3032 bytes @ 0x10017AA8)
T589C 002:931.216 - 29.651ms returns 0xBD8
T589C 002:932.284 JLINK_IsHalted()
T589C 002:932.394 - 0.110ms returns TRUE
T589C 002:932.411 JLINK_WriteMem(0x10018680, 0x440 Bytes, ...)
T589C 002:932.429   Data:  A0 7D 01 10 A8 7D 01 10 B0 7D 01 10 B8 7D 01 10 ...
T589C 002:932.492   CPU_WriteMem(1088 bytes @ 0x10018680)
T589C 002:945.112 - 12.700ms returns 0x440
T589C 002:956.182 JLINK_EndDownload()
T589C 002:956.234 - 0.052ms returns 0 (0x0)
T589C 002:956.371 JLINK_WriteReg(AARCH32_PC, 0x10001000)
T589C 002:956.397 - 0.026ms returns 0
T589C 002:956.727 JLINK_SetEndian(ARM_ENDIAN_LITTLE)
T589C 002:956.761 - 0.034ms returns 0
T589C 002:970.081 JLINK_IsHalted()
T589C 002:970.140 - 0.059ms returns TRUE
T589C 002:970.156 JLINK_ReadMem(0x10001000, 0x4 Bytes, ...)
T589C 002:970.682   CPU_ReadMem(4 bytes @ 0x10001000)
T589C 002:972.578   Data:  83 07 0B E3
T589C 002:972.625 - 2.468ms returns 0
T589C 002:998.741 JLINK_IsHalted()
T589C 002:998.908 - 0.168ms returns TRUE
T589C 002:998.925 JLINK_ReadMem(0x10001000, 0x4 Bytes, ...)
T589C 002:998.950   CPU_ReadMem(4 bytes @ 0x10001000)
T589C 003:001.093   Data:  83 07 0B E3
T589C 003:001.145 - 2.220ms returns 0
T589C 003:225.244 JLINK_GetNumBPUnits(Type = 0xFFFFFF00)
T589C 003:225.300 - 0.055ms returns 0x08
T589C 003:225.315 JLINK_GetNumWPUnits()
T589C 003:225.328 - 0.013ms returns 8
T589C 003:225.346 JLINK_GetNumBPUnits(Type = 0xFFFFFF00)
T589C 003:225.360 - 0.013ms returns 0x08
T589C 003:225.373 JLINK_GetNumWPUnits()
T589C 003:225.386 - 0.013ms returns 8
T589C 003:225.403 JLINK_GetNumBPUnits(Type = 0xFFFFFF00)
T589C 003:225.416 - 0.013ms returns 0x08
T589C 003:225.430 JLINK_GetNumWPUnits()
T589C 003:225.446 - 0.016ms returns 8
T589C 003:225.486 JLINK_SetBPEx(Addr = 0x10010110, Type = 0xFFFFFF00)
T589C 003:225.504 - 0.018ms returns 0x00000001
T589C 003:225.520 JLINK_ClrBPEx(BPHandle = 0x00000001)
T589C 003:226.332 - 0.810ms returns 0x00
T589C 003:228.141 JLINK_IsHalted()
T589C 003:228.193 - 0.053ms returns TRUE
T589C 003:228.355 JLINK_ReadMem(0x10010100, 0x40 Bytes, ...)
T589C 003:228.636   CPU_ReadMem(64 bytes @ 0x10010100)
T589C 003:232.987   Data:  01 BF 48 F6 C4 23 01 22 C1 F2 01 03 1A 60 70 47 ...
T589C 003:233.062 - 4.707ms returns 0
T589C 003:234.568 JLINK_IsHalted()
T589C 003:234.641 - 0.073ms returns TRUE
T589C 003:234.670 JLINK_ReadMem(0x10010110, 0x2 Bytes, ...)
T589C 003:234.700   CPU_ReadMem(2 bytes @ 0x10010110)
T589C 003:236.409   Data:  08 B5
T589C 003:236.490 - 1.820ms returns 0
T589C 003:237.054 JLINK_SetBPEx(Addr = 0x10010110, Type = 0xFFFFFF00)
T589C 003:237.127 - 0.073ms returns 0x00000002
T589C 003:301.528 JLINK_ReadRegs(NumRegs = 17, Indexes: 116, 117, 118, 119, 120, 121, 122, 123, 189, 190, 191, 192, 193, 194, 195, 147, 149)
T589C 003:301.596    -- AARCH32_R0=0x2FC5BA2, AARCH32_R1=0x00, AARCH32_R2=0x00, AARCH32_R3=0x81030000, AARCH32_R4=0x10018BC8, AARCH32_R5=0x10018588, AARCH32_R6=0x10018BD4, AARCH32_R7=0x00, AARCH32_R8=0x00, AARCH32_R9=0x00, AARCH32_R10=0x00, AARCH32_R11=0x00, AARCH32_R12=0x00, AARCH32_R13=0x100046F8, AARCH32_R14=0x100100A9, AARCH32_PC=0x10001000, AARCH32_CPSR=0x20000033
T589C 003:301.618 - 0.090ms returns 0x00
T589C 003:302.346 JLINK_IsHalted()
T589C 003:302.397 - 0.051ms returns TRUE
T589C 003:302.412 JLINK_ReadMem(0x10001000, 0x4 Bytes, ...)
T589C 003:302.436   CPU_ReadMem(4 bytes @ 0x10001000)
T589C 003:305.225   Data:  83 07 0B E3
T589C 003:305.295 - 2.882ms returns 0
T6918 003:378.555 JLINK_GetNumBPUnits(Type = 0xFFFFFF00)
T6918 003:378.608 - 0.053ms returns 0x08
T6918 003:378.625 JLINK_GetNumWPUnits()
T6918 003:378.639 - 0.013ms returns 8
T6918 003:378.928 JLINK_GetNumBPUnits(Type = 0xFFFFFF00)
T6918 003:378.983 - 0.054ms returns 0x08
T6918 003:379.004 JLINK_GetNumWPUnits()
T6918 003:379.021 - 0.017ms returns 8
T6918 003:379.580 JLINK_GetNumBPUnits(Type = 0xFFFFFF00)
T6918 003:379.620 - 0.040ms returns 0x08
T6918 003:379.635 JLINK_GetNumWPUnits()
T6918 003:379.650 - 0.015ms returns 8
T6918 003:380.250 JLINK_GetNumBPUnits(Type = 0xFFFFFF00)
T6918 003:380.761 - 0.510ms returns 0x08
T6918 003:380.786 JLINK_GetNumWPUnits()
T6918 003:380.804 - 0.018ms returns 8
T6918 003:381.845 JLINK_GetNumBPUnits(Type = 0xFFFFFF00)
T6918 003:381.902 - 0.057ms returns 0x08
T6918 003:381.927 JLINK_GetNumWPUnits()
T6918 003:381.945 - 0.017ms returns 8
T6918 003:382.200 JLINK_GetNumBPUnits(Type = 0xFFFFFF00)
T6918 003:382.255 - 0.055ms returns 0x08
T6918 003:382.276 JLINK_GetNumWPUnits()
T6918 003:382.296 - 0.019ms returns 8
T6918 003:382.503 JLINK_GetNumBPUnits(Type = 0xFFFFFF00)
T6918 003:382.529 - 0.027ms returns 0x08
T6918 003:382.544 JLINK_GetNumWPUnits()
T6918 003:382.557 - 0.013ms returns 8
T6918 003:382.731 JLINK_GetNumBPUnits(Type = 0xFFFFFF00)
T6918 003:382.776 - 0.045ms returns 0x08
T6918 003:382.887 JLINK_GetNumWPUnits()
T6918 003:382.913 - 0.025ms returns 8
T589C 003:459.220 JLINK_IsHalted()
T589C 003:459.296 - 0.076ms returns TRUE
T589C 003:459.320 JLINK_ReadMem(0x10001000, 0x4 Bytes, ...)
T589C 003:459.355   CPU_ReadMem(4 bytes @ 0x10001000)
T589C 003:461.289   Data:  83 07 0B E3
T589C 003:461.345 - 2.024ms returns 0
T589C 017:715.092 JLINK_STRACE_Read(..., NumItems = 0x10000)
T589C 017:715.194   
  ***** Error: 
T589C 017:715.220   Debugger tries to use on-chip trace buffer but the connected MCU does not provide an on-chip trace buffer (e.g. ETB/MTB/...)
T589C 017:715.246 - 0.154ms NumItemsRead = 0xFFFFFFFF
T589C 017:715.272 JLINK_Step()
T589C 017:716.330   CPU_ReadMem(4 bytes @ 0x10001000)
T589C 017:718.430   -- Not simulated
T589C 017:900.434 - 185.161ms returns 0
T589C 017:902.308 JLINK_ReadRegs(NumRegs = 17, Indexes: 116, 117, 118, 119, 120, 121, 122, 123, 189, 190, 191, 192, 193, 194, 195, 147, 149)
T589C 017:902.350    -- AARCH32_R0=0x2FC5BA2, AARCH32_R1=0x00, AARCH32_R2=0x00, AARCH32_R3=0x80000000, AARCH32_R4=0x10018BC8, AARCH32_R5=0x10018588, AARCH32_R6=0x10018BD4, AARCH32_R7=0x00, AARCH32_R8=0x00, AARCH32_R9=0x00, AARCH32_R10=0x00, AARCH32_R11=0x00, AARCH32_R12=0x00, AARCH32_R13=0x100046F8, AARCH32_R14=0x100100A9, AARCH32_PC=0x10001002, AARCH32_CPSR=0x80000033
T589C 017:902.372 - 0.062ms returns 0x00
T589C 017:903.076 JLINK_STRACE_Read(..., NumItems = 0x10000)
T589C 017:903.114 - 0.037ms NumItemsRead = 0xFFFFFFFF
T589C 017:903.132 JLINK_Step()
T589C 017:903.156   CPU_ReadMem(64 bytes @ 0x10001000)
T589C 017:907.500    -- Updating DA cache (64 bytes @ 0x10001000)
T589C 017:907.550    -- Read from DA cache (4 bytes @ 0x10001002)
T589C 017:907.572   -- Not simulated
T589C 017:939.246 - 36.112ms returns 0
T589C 017:939.706 JLINK_ReadRegs(NumRegs = 17, Indexes: 116, 117, 118, 119, 120, 121, 122, 123, 189, 190, 191, 192, 193, 194, 195, 147, 149)
T589C 017:939.760    -- AARCH32_R0=0x2FC5BA2, AARCH32_R1=0x00, AARCH32_R2=0x00, AARCH32_R3=0x80000000, AARCH32_R4=0x10018BC8, AARCH32_R5=0x10018588, AARCH32_R6=0x10018BD4, AARCH32_R7=0x00, AARCH32_R8=0x00, AARCH32_R9=0x00, AARCH32_R10=0x00, AARCH32_R11=0x00, AARCH32_R12=0x00, AARCH32_R13=0x100046F8, AARCH32_R14=0x100100A9, AARCH32_PC=0x1000161C, AARCH32_CPSR=0x80000033
T589C 017:939.780 - 0.074ms returns 0x00
T589C 017:940.642 JLINK_IsHalted()
T589C 017:940.662 - 0.019ms returns TRUE
T589C 017:940.676 JLINK_ReadMem(0x1000161C, 0x4 Bytes, ...)
T589C 017:940.698   CPU_ReadMem(64 bytes @ 0x10001600)
T589C 017:945.008    -- Updating DA cache (64 bytes @ 0x10001600)
T589C 017:945.048    -- Read from DA cache (4 bytes @ 0x1000161C)
T589C 017:945.068   Data:  4F F0 00 0C
T589C 017:945.090 - 4.413ms returns 0
T589C 017:945.350 JLINK_IsHalted()
T589C 017:945.376 - 0.027ms returns TRUE
T589C 017:945.392 JLINK_ReadMem(0x10004700, 0x40 Bytes, ...)
T589C 017:945.410   CPU_ReadMem(64 bytes @ 0x10004700)
T589C 017:950.110    -- Updating DA cache (64 bytes @ 0x10004700)
T589C 017:950.164    -- Read from DA cache (64 bytes @ 0x10004700)
T589C 017:950.186   Data:  00 00 00 00 17 01 01 10 00 07 00 40 B4 10 00 10 ...
T589C 017:950.204 - 4.812ms returns 0
T589C 017:950.600 JLINK_IsHalted()
T589C 017:950.638 - 0.038ms returns TRUE
T589C 017:950.654 JLINK_ReadMem(0x00000000, 0x4 Bytes, ...)
T589C 017:950.676   CPU_ReadMem(4 bytes @ 0x00000000)
T589C 017:982.860   failed
T589C 017:982.936 - 32.281ms returns 1
T589C 018:391.644 JLINK_IsHalted()
T589C 018:392.392 - 0.747ms returns TRUE
T589C 018:392.454 JLINK_ReadMem(0x1000161C, 0x4 Bytes, ...)
T589C 018:392.476    -- Read from DA cache (4 bytes @ 0x1000161C)
T589C 018:392.496   Data:  4F F0 00 0C
T589C 018:392.516 - 0.061ms returns 0
T589C 018:392.806 JLINK_IsHalted()
T589C 018:392.842 - 0.036ms returns TRUE
T589C 018:392.858 JLINK_ReadMem(0x10004700, 0x40 Bytes, ...)
T589C 018:392.872    -- Read from DA cache (64 bytes @ 0x10004700)
T589C 018:392.892   Data:  00 00 00 00 17 01 01 10 00 07 00 40 B4 10 00 10 ...
T589C 018:392.910 - 0.054ms returns 0
T589C 018:393.222 JLINK_IsHalted()
T589C 018:393.266 - 0.042ms returns TRUE
T589C 018:393.288 JLINK_ReadMem(0x00000000, 0x4 Bytes, ...)
T589C 018:393.308   CPU_ReadMem(4 bytes @ 0x00000000)
T589C 018:425.668   failed
T589C 018:425.732 - 32.443ms returns 1
T589C 020:797.828 JLINK_STRACE_Read(..., NumItems = 0x10000)
T589C 020:797.888 - 0.060ms NumItemsRead = 0xFFFFFFFF
T589C 020:797.910 JLINK_IsHalted()
T589C 020:798.836 - 0.926ms returns TRUE
T589C 020:798.924 JLINK_STRACE_Read(..., NumItems = 0x10000)
T589C 020:798.940 - 0.017ms NumItemsRead = 0xFFFFFFFF
T589C 020:798.958 JLINK_GoEx(MaxEmulInsts = 0, Flags = 0x01)
T589C 020:810.426   Memory map 'after startup completion point' is active
T589C 020:810.486 - 11.527ms
T589C 020:916.160 JLINK_IsHalted()
T589C 020:916.944 - 0.781ms returns FALSE
T589C 020:917.026 JLINK_IsHalted()
T589C 020:917.548 - 0.522ms returns FALSE
T589C 021:026.572 JLINK_IsHalted()
T589C 021:027.782 - 1.210ms returns FALSE
T589C 021:027.880 JLINK_IsHalted()
T589C 021:028.700 - 0.819ms returns FALSE
T589C 021:135.260 JLINK_IsHalted()
T589C 021:136.172 - 0.911ms returns FALSE
T589C 021:136.260 JLINK_IsHalted()
T589C 021:136.996 - 0.736ms returns FALSE
T589C 021:245.702 JLINK_IsHalted()
T589C 021:246.888 - 1.184ms returns FALSE
T589C 021:247.054 JLINK_IsHalted()
T589C 021:248.242 - 1.183ms returns FALSE
T589C 021:353.738 JLINK_IsHalted()
T589C 021:354.852 - 1.113ms returns FALSE
T589C 021:354.972 JLINK_IsHalted()
T589C 021:355.890 - 0.915ms returns FALSE
T589C 021:463.350 JLINK_IsHalted()
T589C 021:464.412 - 1.062ms returns FALSE
T589C 021:464.460 JLINK_IsHalted()
T589C 021:465.340 - 0.878ms returns FALSE
T589C 021:572.768 JLINK_IsHalted()
T589C 021:573.916 - 1.148ms returns FALSE
T589C 021:574.000 JLINK_IsHalted()
T589C 021:574.876 - 0.874ms returns FALSE
T589C 021:682.438 JLINK_IsHalted()
T589C 021:683.426 - 0.986ms returns FALSE
T589C 021:683.502 JLINK_IsHalted()
T589C 021:684.220 - 0.717ms returns FALSE
T589C 021:792.028 JLINK_IsHalted()
T589C 021:793.060 - 1.029ms returns FALSE
T589C 021:793.122 JLINK_IsHalted()
T589C 021:793.936 - 0.813ms returns FALSE
T6918 021:799.300 JLINK_IsHalted()
T6918 021:800.340 - 1.041ms returns FALSE
T6918 021:800.412 JLINK_IsHalted()
T6918 021:801.160 - 0.748ms returns FALSE
T589C 021:900.952 JLINK_IsHalted()
T589C 021:902.050 - 1.097ms returns FALSE
T589C 021:902.140 JLINK_IsHalted()
T589C 021:903.072 - 0.932ms returns FALSE
T589C 022:010.004 JLINK_IsHalted()
T589C 022:011.172 - 1.169ms returns FALSE
T589C 022:011.308 JLINK_IsHalted()
T589C 022:012.328 - 1.021ms returns FALSE
T589C 022:120.360 JLINK_IsHalted()
T589C 022:121.566 - 1.205ms returns FALSE
T589C 022:121.708 JLINK_IsHalted()
T589C 022:122.654 - 0.945ms returns FALSE
T589C 022:229.174 JLINK_IsHalted()
T589C 022:230.298 - 1.119ms returns FALSE
T589C 022:230.452 JLINK_IsHalted()
T589C 022:231.500 - 1.046ms returns FALSE
T589C 022:338.480 JLINK_IsHalted()
T589C 022:339.608 - 1.127ms returns FALSE
T589C 022:339.692 JLINK_IsHalted()
T589C 022:340.782 - 1.091ms returns FALSE
T589C 022:447.836 JLINK_IsHalted()
T589C 022:449.060 - 1.223ms returns FALSE
T589C 022:449.166 JLINK_IsHalted()
T589C 022:450.218 - 1.051ms returns FALSE
T589C 022:557.400 JLINK_IsHalted()
T589C 022:558.606 - 1.204ms returns FALSE
T589C 022:558.732 JLINK_IsHalted()
T589C 022:559.958 - 1.227ms returns FALSE
T589C 022:666.964 JLINK_IsHalted()
T589C 022:667.962 - 0.995ms returns FALSE
T589C 022:668.040 JLINK_IsHalted()
T589C 022:669.016 - 0.976ms returns FALSE
T589C 022:775.976 JLINK_IsHalted()
T589C 022:776.752 - 0.774ms returns FALSE
T589C 022:776.844 JLINK_IsHalted()
T589C 022:777.576 - 0.732ms returns FALSE
T6918 022:801.756 JLINK_IsHalted()
T6918 022:802.556 - 0.800ms returns FALSE
T6918 022:802.634 JLINK_IsHalted()
T6918 022:803.530 - 0.895ms returns FALSE
T589C 022:885.078 JLINK_IsHalted()
T589C 022:886.060 - 0.978ms returns FALSE
T589C 022:886.148 JLINK_IsHalted()
T589C 022:886.812 - 0.664ms returns FALSE
T589C 022:994.484 JLINK_IsHalted()
T589C 022:995.560 - 1.074ms returns FALSE
T589C 022:995.638 JLINK_IsHalted()
T589C 022:996.548 - 0.907ms returns FALSE
T589C 023:104.612 JLINK_IsHalted()
T589C 023:105.700 - 1.084ms returns FALSE
T589C 023:105.820 JLINK_IsHalted()
T589C 023:106.604 - 0.783ms returns FALSE
T589C 023:213.802 JLINK_IsHalted()
T589C 023:214.984 - 1.181ms returns FALSE
T589C 023:215.080 JLINK_IsHalted()
T589C 023:215.910 - 0.829ms returns FALSE
T589C 023:323.398 JLINK_IsHalted()
T589C 023:324.546 - 1.146ms returns FALSE
T589C 023:324.614 JLINK_IsHalted()
T589C 023:325.732 - 1.115ms returns FALSE
T589C 023:431.804 JLINK_IsHalted()
T589C 023:442.132 - 10.327ms returns FALSE
T589C 023:442.222 JLINK_IsHalted()
T589C 023:442.916 - 0.693ms returns FALSE
T589C 023:542.026 JLINK_IsHalted()
T589C 023:543.244 - 1.216ms returns FALSE
T589C 023:543.366 JLINK_IsHalted()
T589C 023:544.334 - 0.965ms returns FALSE
T589C 023:650.644 JLINK_IsHalted()
T589C 023:651.672 - 1.024ms returns FALSE
T589C 023:651.748 JLINK_IsHalted()
T589C 023:652.620 - 0.869ms returns FALSE
T589C 023:759.976 JLINK_IsHalted()
T589C 023:761.014 - 1.038ms returns FALSE
T589C 023:761.060 JLINK_IsHalted()
T589C 023:761.868 - 0.808ms returns FALSE
T6918 023:803.838 JLINK_IsHalted()
T6918 023:804.802 - 0.961ms returns FALSE
T6918 023:804.874 JLINK_IsHalted()
T6918 023:805.650 - 0.774ms returns FALSE
T589C 023:869.684 JLINK_IsHalted()
T589C 023:870.812 - 1.128ms returns FALSE
T589C 023:870.868 JLINK_IsHalted()
T589C 023:872.018 - 1.149ms returns FALSE
T589C 023:979.446 JLINK_IsHalted()
T589C 023:981.300 - 1.850ms returns FALSE
T589C 023:981.452 JLINK_IsHalted()
T589C 023:982.468 - 1.014ms returns FALSE
T589C 024:088.704 JLINK_IsHalted()
T589C 024:089.820 - 1.115ms returns FALSE
T589C 024:089.892 JLINK_IsHalted()
T589C 024:090.826 - 0.934ms returns FALSE
T589C 024:198.228 JLINK_IsHalted()
T589C 024:199.258 - 1.027ms returns FALSE
T589C 024:199.334 JLINK_IsHalted()
T589C 024:200.248 - 0.913ms returns FALSE
T589C 024:307.010 JLINK_IsHalted()
T589C 024:308.140 - 1.131ms returns FALSE
T589C 024:308.234 JLINK_IsHalted()
T589C 024:309.068 - 0.832ms returns FALSE
T589C 024:416.920 JLINK_IsHalted()
T589C 024:417.812 - 0.892ms returns FALSE
T589C 024:417.886 JLINK_IsHalted()
T589C 024:418.862 - 0.975ms returns FALSE
T589C 024:526.480 JLINK_IsHalted()
T589C 024:527.402 - 0.921ms returns FALSE
T589C 024:527.484 JLINK_IsHalted()
T589C 024:528.466 - 0.980ms returns FALSE
T589C 024:635.252 JLINK_IsHalted()
T589C 024:636.218 - 0.964ms returns FALSE
T589C 024:636.304 JLINK_IsHalted()
T589C 024:636.908 - 0.603ms returns FALSE
T589C 024:745.416 JLINK_IsHalted()
T589C 024:747.066 - 1.649ms returns FALSE
T589C 024:747.222 JLINK_IsHalted()
T589C 024:748.130 - 0.922ms returns FALSE
T6918 024:806.708 JLINK_IsHalted()
T6918 024:807.630 - 0.921ms returns FALSE
T6918 024:807.704 JLINK_IsHalted()
T6918 024:808.538 - 0.832ms returns FALSE
T589C 024:854.310 JLINK_IsHalted()
T589C 024:855.362 - 1.050ms returns FALSE
T589C 024:855.446 JLINK_IsHalted()
T589C 024:856.548 - 1.099ms returns FALSE
T589C 024:964.276 JLINK_IsHalted()
T589C 024:965.414 - 1.136ms returns FALSE
T589C 024:965.510 JLINK_IsHalted()
T589C 024:966.214 - 0.702ms returns FALSE
T589C 025:073.142 JLINK_IsHalted()
T589C 025:074.342 - 1.199ms returns FALSE
T589C 025:074.442 JLINK_IsHalted()
T589C 025:075.452 - 1.009ms returns FALSE
T589C 025:182.000 JLINK_IsHalted()
T589C 025:182.796 - 0.796ms returns FALSE
T589C 025:182.900 JLINK_IsHalted()
T589C 025:183.608 - 0.706ms returns FALSE
T589C 025:291.394 JLINK_IsHalted()
T589C 025:292.648 - 1.252ms returns FALSE
T589C 025:292.772 JLINK_IsHalted()
T589C 025:293.840 - 1.065ms returns FALSE
T589C 025:400.788 JLINK_IsHalted()
T589C 025:401.986 - 1.198ms returns FALSE
T589C 025:402.060 JLINK_IsHalted()
T589C 025:402.888 - 0.828ms returns FALSE
T589C 025:510.826 JLINK_IsHalted()
T589C 025:512.082 - 1.253ms returns FALSE
T589C 025:512.200 JLINK_IsHalted()
T589C 025:514.212 - 2.008ms returns FALSE
T589C 025:620.170 JLINK_IsHalted()
T589C 025:621.226 - 1.055ms returns FALSE
T589C 025:621.268 JLINK_IsHalted()
T589C 025:622.196 - 0.926ms returns FALSE
T589C 025:728.988 JLINK_IsHalted()
T589C 025:730.202 - 1.213ms returns FALSE
T589C 025:730.348 JLINK_IsHalted()
T589C 025:731.598 - 1.249ms returns FALSE
T6918 025:809.662 JLINK_IsHalted()
T6918 025:810.868 - 1.205ms returns FALSE
T6918 025:810.956 JLINK_IsHalted()
T6918 025:811.992 - 1.034ms returns FALSE
T589C 025:838.084 JLINK_IsHalted()
T589C 025:839.030 - 0.946ms returns FALSE
T589C 025:839.108 JLINK_IsHalted()
T589C 025:840.034 - 0.922ms returns FALSE
T589C 025:947.458 JLINK_IsHalted()
T589C 025:948.418 - 0.959ms returns FALSE
T589C 025:948.468 JLINK_IsHalted()
T589C 025:949.446 - 0.978ms returns FALSE
T589C 026:057.948 JLINK_IsHalted()
T589C 026:059.284 - 1.336ms returns FALSE
T589C 026:059.366 JLINK_IsHalted()
T589C 026:060.362 - 0.993ms returns FALSE
T589C 026:166.278 JLINK_IsHalted()
T589C 026:167.208 - 0.929ms returns FALSE
T589C 026:167.310 JLINK_IsHalted()
T589C 026:168.012 - 0.700ms returns FALSE
T589C 026:276.298 JLINK_IsHalted()
T589C 026:277.444 - 1.145ms returns FALSE
T589C 026:277.568 JLINK_IsHalted()
T589C 026:278.596 - 1.024ms returns FALSE
T589C 026:385.652 JLINK_IsHalted()
T589C 026:386.614 - 0.962ms returns FALSE
T589C 026:386.706 JLINK_IsHalted()
T589C 026:387.606 - 0.901ms returns FALSE
T589C 026:495.076 JLINK_IsHalted()
T589C 026:496.254 - 1.177ms returns FALSE
T589C 026:496.400 JLINK_IsHalted()
T589C 026:497.272 - 0.868ms returns FALSE
T589C 026:604.048 JLINK_IsHalted()
T589C 026:604.972 - 0.923ms returns FALSE
T589C 026:605.064 JLINK_IsHalted()
T589C 026:605.932 - 0.867ms returns FALSE
T589C 026:713.532 JLINK_IsHalted()
T589C 026:714.464 - 0.931ms returns FALSE
T589C 026:714.530 JLINK_IsHalted()
T589C 026:715.386 - 0.855ms returns FALSE
T6918 026:812.444 JLINK_IsHalted()
T6918 026:813.772 - 1.327ms returns FALSE
T6918 026:813.866 JLINK_IsHalted()
T6918 026:814.506 - 0.639ms returns FALSE
T589C 026:822.596 JLINK_IsHalted()
T589C 026:823.556 - 0.960ms returns FALSE
T589C 026:823.678 JLINK_IsHalted()
T589C 026:824.736 - 1.058ms returns FALSE
T589C 026:932.252 JLINK_IsHalted()
T589C 026:933.056 - 0.802ms returns FALSE
T589C 026:933.140 JLINK_IsHalted()
T589C 026:933.812 - 0.671ms returns FALSE
T589C 027:041.684 JLINK_IsHalted()
T589C 027:042.724 - 1.040ms returns FALSE
T589C 027:042.796 JLINK_IsHalted()
T589C 027:043.612 - 0.814ms returns FALSE
T589C 027:151.116 JLINK_IsHalted()
T589C 027:152.268 - 1.151ms returns FALSE
T589C 027:152.298 JLINK_IsHalted()
T589C 027:153.370 - 1.071ms returns FALSE
T589C 027:259.914 JLINK_IsHalted()
T589C 027:260.870 - 0.955ms returns FALSE
T589C 027:260.964 JLINK_IsHalted()
T589C 027:261.904 - 0.939ms returns FALSE
T589C 027:369.930 JLINK_IsHalted()
T589C 027:370.902 - 0.971ms returns FALSE
T589C 027:370.988 JLINK_IsHalted()
T589C 027:371.828 - 0.837ms returns FALSE
T589C 027:479.162 JLINK_IsHalted()
T589C 027:480.710 - 1.550ms returns FALSE
T589C 027:481.100 JLINK_IsHalted()
T589C 027:482.390 - 1.288ms returns FALSE
T589C 027:588.628 JLINK_IsHalted()
T589C 027:589.888 - 1.259ms returns FALSE
T589C 027:590.000 JLINK_IsHalted()
T589C 027:590.908 - 0.908ms returns FALSE
T589C 027:698.218 JLINK_IsHalted()
T589C 027:699.402 - 1.183ms returns FALSE
T589C 027:699.476 JLINK_IsHalted()
T589C 027:700.420 - 0.943ms returns FALSE
T589C 027:807.788 JLINK_IsHalted()
T589C 027:808.950 - 1.161ms returns FALSE
T589C 027:809.036 JLINK_IsHalted()
T589C 027:810.118 - 1.080ms returns FALSE
T6918 027:814.496 JLINK_IsHalted()
T6918 027:815.354 - 0.858ms returns FALSE
T6918 027:815.430 JLINK_IsHalted()
T6918 027:816.096 - 0.666ms returns FALSE
T589C 027:916.474 JLINK_IsHalted()
T589C 027:917.780 - 1.303ms returns FALSE
T589C 027:917.866 JLINK_IsHalted()
T589C 027:918.876 - 1.007ms returns FALSE
T589C 028:026.276 JLINK_IsHalted()
T589C 028:027.120 - 0.844ms returns FALSE
T589C 028:027.180 JLINK_IsHalted()
T589C 028:027.968 - 0.785ms returns FALSE
T589C 028:135.450 JLINK_IsHalted()
T589C 028:136.564 - 1.114ms returns FALSE
T589C 028:136.688 JLINK_IsHalted()
T589C 028:137.536 - 0.845ms returns FALSE
T589C 028:244.246 JLINK_IsHalted()
T589C 028:245.344 - 1.097ms returns FALSE
T589C 028:245.412 JLINK_IsHalted()
T589C 028:246.944 - 1.528ms returns FALSE
T589C 028:354.726 JLINK_IsHalted()
T589C 028:355.700 - 0.973ms returns FALSE
T589C 028:355.772 JLINK_IsHalted()
T589C 028:356.564 - 0.790ms returns FALSE
T589C 028:463.062 JLINK_IsHalted()
T589C 028:464.112 - 1.047ms returns FALSE
T589C 028:464.252 JLINK_IsHalted()
T589C 028:465.670 - 1.418ms returns FALSE
T589C 028:573.318 JLINK_IsHalted()
T589C 028:574.454 - 1.136ms returns FALSE
T589C 028:574.596 JLINK_IsHalted()
T589C 028:575.562 - 0.964ms returns FALSE
T589C 028:682.586 JLINK_IsHalted()
T589C 028:683.636 - 1.049ms returns FALSE
T589C 028:683.702 JLINK_IsHalted()
T589C 028:684.512 - 0.808ms returns FALSE
T589C 028:791.834 JLINK_IsHalted()
T589C 028:792.924 - 1.090ms returns FALSE
T589C 028:793.004 JLINK_IsHalted()
T589C 028:793.994 - 0.988ms returns FALSE
T6918 028:816.672 JLINK_IsHalted()
T6918 028:817.620 - 0.948ms returns FALSE
T6918 028:817.690 JLINK_IsHalted()
T6918 028:818.684 - 0.997ms returns FALSE
T589C 028:900.758 JLINK_IsHalted()
T589C 028:902.180 - 1.419ms returns FALSE
T589C 028:902.288 JLINK_IsHalted()
T589C 028:903.084 - 0.793ms returns FALSE
T589C 029:010.374 JLINK_IsHalted()
T589C 029:011.466 - 1.092ms returns FALSE
T589C 029:011.548 JLINK_IsHalted()
T589C 029:012.508 - 0.958ms returns FALSE
T589C 029:120.300 JLINK_IsHalted()
T589C 029:121.296 - 0.992ms returns FALSE
T589C 029:121.412 JLINK_IsHalted()
T589C 029:122.432 - 1.021ms returns FALSE
T589C 029:228.730 JLINK_IsHalted()
T589C 029:229.748 - 1.017ms returns FALSE
T589C 029:229.882 JLINK_IsHalted()
T589C 029:231.004 - 1.123ms returns FALSE
T589C 029:338.592 JLINK_IsHalted()
T589C 029:339.700 - 1.106ms returns FALSE
T589C 029:339.766 JLINK_IsHalted()
T589C 029:340.644 - 0.875ms returns FALSE
T589C 029:448.224 JLINK_IsHalted()
T589C 029:449.018 - 0.790ms returns FALSE
T589C 029:449.100 JLINK_IsHalted()
T589C 029:449.786 - 0.682ms returns FALSE
T589C 029:557.044 JLINK_IsHalted()
T589C 029:558.128 - 1.083ms returns FALSE
T589C 029:558.220 JLINK_IsHalted()
T589C 029:559.280 - 1.060ms returns FALSE
T589C 029:666.452 JLINK_IsHalted()
T589C 029:667.580 - 1.131ms returns FALSE
T589C 029:667.648 JLINK_IsHalted()
T589C 029:668.468 - 0.821ms returns FALSE
T589C 029:775.932 JLINK_IsHalted()
T589C 029:776.876 - 0.942ms returns FALSE
T589C 029:776.944 JLINK_IsHalted()
T589C 029:777.632 - 0.688ms returns FALSE
T6918 029:819.092 JLINK_IsHalted()
T6918 029:820.452 - 1.359ms returns FALSE
T6918 029:820.560 JLINK_IsHalted()
T6918 029:821.750 - 1.188ms returns FALSE
T589C 029:886.202 JLINK_IsHalted()
T589C 029:887.430 - 1.228ms returns FALSE
T589C 029:887.552 JLINK_IsHalted()
T589C 029:888.666 - 1.111ms returns FALSE
T589C 029:995.142 JLINK_IsHalted()
T589C 029:996.284 - 1.141ms returns FALSE
T589C 029:996.502 JLINK_IsHalted()
T589C 029:997.668 - 1.166ms returns FALSE
T589C 030:104.266 JLINK_IsHalted()
T589C 030:105.350 - 1.082ms returns FALSE
T589C 030:105.424 JLINK_IsHalted()
T589C 030:106.388 - 0.954ms returns FALSE
T589C 030:214.044 JLINK_IsHalted()
T589C 030:215.088 - 1.042ms returns FALSE
T589C 030:215.172 JLINK_IsHalted()
T589C 030:216.102 - 0.931ms returns FALSE
T589C 030:322.688 JLINK_IsHalted()
T589C 030:323.910 - 1.222ms returns FALSE
T589C 030:324.000 JLINK_IsHalted()
T589C 030:324.896 - 0.893ms returns FALSE
T589C 030:432.076 JLINK_IsHalted()
T589C 030:433.212 - 1.127ms returns FALSE
T589C 030:433.338 JLINK_IsHalted()
T589C 030:434.176 - 0.836ms returns FALSE
T589C 030:541.562 JLINK_IsHalted()
T589C 030:542.774 - 1.211ms returns FALSE
T589C 030:542.870 JLINK_IsHalted()
T589C 030:543.802 - 0.930ms returns FALSE
T589C 030:651.460 JLINK_IsHalted()
T589C 030:652.464 - 1.004ms returns FALSE
T589C 030:652.580 JLINK_IsHalted()
T589C 030:653.644 - 1.066ms returns FALSE
T589C 030:760.140 JLINK_IsHalted()
T589C 030:761.132 - 0.991ms returns FALSE
T589C 030:761.220 JLINK_IsHalted()
T589C 030:762.300 - 1.080ms returns FALSE
T6918 030:822.420 JLINK_IsHalted()
T6918 030:823.898 - 1.477ms returns FALSE
T6918 030:824.020 JLINK_IsHalted()
T6918 030:825.020 - 1.001ms returns FALSE
T589C 030:870.122 JLINK_IsHalted()
T589C 030:871.104 - 0.981ms returns FALSE
T589C 030:871.148 JLINK_IsHalted()
T589C 030:872.084 - 0.934ms returns FALSE
T589C 030:979.036 JLINK_IsHalted()
T589C 030:980.458 - 1.417ms returns FALSE
T589C 030:980.646 JLINK_IsHalted()
T589C 030:981.754 - 1.107ms returns FALSE
T589C 031:088.778 JLINK_IsHalted()
T589C 031:090.076 - 1.300ms returns FALSE
T589C 031:090.172 JLINK_IsHalted()
T589C 031:091.212 - 1.040ms returns FALSE
T589C 031:198.036 JLINK_IsHalted()
T589C 031:199.056 - 1.020ms returns FALSE
T589C 031:199.130 JLINK_IsHalted()
T589C 031:199.866 - 0.737ms returns FALSE
T589C 031:307.318 JLINK_IsHalted()
T589C 031:308.618 - 1.297ms returns FALSE
T589C 031:308.716 JLINK_IsHalted()
T589C 031:309.676 - 0.958ms returns FALSE
T589C 031:417.104 JLINK_IsHalted()
T589C 031:417.978 - 0.874ms returns FALSE
T589C 031:418.068 JLINK_IsHalted()
T589C 031:418.954 - 0.885ms returns FALSE
T589C 031:526.164 JLINK_IsHalted()
T589C 031:527.062 - 0.898ms returns FALSE
T589C 031:527.136 JLINK_IsHalted()
T589C 031:528.010 - 0.874ms returns FALSE
T589C 031:635.866 JLINK_IsHalted()
T589C 031:636.708 - 0.840ms returns FALSE
T589C 031:636.774 JLINK_IsHalted()
T589C 031:637.430 - 0.656ms returns FALSE
T589C 031:744.548 JLINK_IsHalted()
T589C 031:745.808 - 1.257ms returns FALSE
T589C 031:745.952 JLINK_IsHalted()
T589C 031:746.896 - 0.943ms returns FALSE
T6918 031:826.208 JLINK_IsHalted()
T6918 031:827.558 - 1.348ms returns FALSE
T6918 031:827.654 JLINK_IsHalted()
T6918 031:828.506 - 0.851ms returns FALSE
T589C 031:854.188 JLINK_IsHalted()
T589C 031:855.220 - 1.018ms returns FALSE
T589C 031:855.312 JLINK_IsHalted()
T589C 031:856.196 - 0.884ms returns FALSE
T589C 031:963.052 JLINK_IsHalted()
T589C 031:964.224 - 1.173ms returns FALSE
T589C 031:964.308 JLINK_IsHalted()
T589C 031:965.124 - 0.816ms returns FALSE
T589C 032:073.072 JLINK_IsHalted()
T589C 032:074.218 - 1.145ms returns FALSE
T589C 032:074.320 JLINK_IsHalted()
T589C 032:075.312 - 0.989ms returns FALSE
T589C 032:182.284 JLINK_IsHalted()
T589C 032:183.318 - 1.035ms returns FALSE
T589C 032:183.388 JLINK_IsHalted()
T589C 032:184.310 - 0.922ms returns FALSE
T589C 032:291.780 JLINK_IsHalted()
T589C 032:292.596 - 0.814ms returns FALSE
T589C 032:292.672 JLINK_IsHalted()
T589C 032:293.436 - 0.765ms returns FALSE
T589C 032:401.012 JLINK_IsHalted()
T589C 032:402.096 - 1.081ms returns FALSE
T589C 032:402.208 JLINK_IsHalted()
T589C 032:402.972 - 0.765ms returns FALSE
T589C 032:510.634 JLINK_IsHalted()
T589C 032:511.846 - 1.212ms returns FALSE
T589C 032:511.962 JLINK_IsHalted()
T589C 032:512.928 - 0.961ms returns FALSE
T589C 032:619.258 JLINK_IsHalted()
T589C 032:620.362 - 1.104ms returns FALSE
T589C 032:620.420 JLINK_IsHalted()
T589C 032:621.242 - 0.823ms returns FALSE
T589C 032:728.662 JLINK_IsHalted()
T589C 032:729.884 - 1.221ms returns FALSE
T589C 032:730.836 JLINK_IsHalted()
T589C 032:731.946 - 1.112ms returns FALSE
T6918 032:829.542 JLINK_IsHalted()
T6918 032:830.838 - 1.298ms returns FALSE
T6918 032:830.928 JLINK_IsHalted()
T6918 032:831.942 - 1.013ms returns FALSE
T589C 032:838.170 JLINK_IsHalted()
T589C 032:839.260 - 1.089ms returns FALSE
T589C 032:839.322 JLINK_IsHalted()
T589C 032:840.244 - 0.917ms returns FALSE
T589C 032:947.772 JLINK_IsHalted()
T589C 032:948.868 - 1.095ms returns FALSE
T589C 032:948.938 JLINK_IsHalted()
T589C 032:950.064 - 1.127ms returns FALSE
T589C 033:057.344 JLINK_IsHalted()
T589C 033:058.202 - 0.857ms returns FALSE
T589C 033:058.278 JLINK_IsHalted()
T589C 033:058.860 - 0.581ms returns FALSE
T589C 033:166.388 JLINK_IsHalted()
T589C 033:167.492 - 1.104ms returns FALSE
T589C 033:167.556 JLINK_IsHalted()
T589C 033:168.596 - 1.037ms returns FALSE
T589C 033:276.188 JLINK_IsHalted()
T589C 033:277.408 - 1.218ms returns FALSE
T589C 033:277.498 JLINK_IsHalted()
T589C 033:278.586 - 1.088ms returns FALSE
T589C 033:385.994 JLINK_IsHalted()
T589C 033:386.938 - 0.943ms returns FALSE
T589C 033:387.008 JLINK_IsHalted()
T589C 033:387.828 - 0.819ms returns FALSE
T589C 033:494.864 JLINK_IsHalted()
T589C 033:496.016 - 1.151ms returns FALSE
T589C 033:496.160 JLINK_IsHalted()
T589C 033:497.184 - 1.023ms returns FALSE
T589C 033:604.264 JLINK_IsHalted()
T589C 033:605.328 - 1.062ms returns FALSE
T589C 033:605.400 JLINK_IsHalted()
T589C 033:606.248 - 0.847ms returns FALSE
T589C 033:713.676 JLINK_IsHalted()
T589C 033:714.856 - 1.179ms returns FALSE
T589C 033:714.940 JLINK_IsHalted()
T589C 033:715.580 - 0.637ms returns FALSE
T589C 033:822.872 JLINK_IsHalted()
T589C 033:824.064 - 1.190ms returns FALSE
T589C 033:824.160 JLINK_IsHalted()
T589C 033:825.108 - 0.945ms returns FALSE
T6918 033:832.408 JLINK_IsHalted()
T6918 033:833.228 - 0.821ms returns FALSE
T6918 033:833.272 JLINK_IsHalted()
T6918 033:833.956 - 0.683ms returns FALSE
T589C 033:931.868 JLINK_IsHalted()
T589C 033:933.008 - 1.139ms returns FALSE
T589C 033:933.096 JLINK_IsHalted()
T589C 033:934.056 - 0.957ms returns FALSE
T589C 034:042.056 JLINK_IsHalted()
T589C 034:043.080 - 1.027ms returns FALSE
T589C 034:043.160 JLINK_IsHalted()
T589C 034:044.028 - 0.866ms returns FALSE
T589C 034:150.840 JLINK_IsHalted()
T589C 034:151.864 - 1.014ms returns FALSE
T589C 034:151.936 JLINK_IsHalted()
T589C 034:152.792 - 0.852ms returns FALSE
T589C 034:260.252 JLINK_IsHalted()
T589C 034:261.532 - 1.278ms returns FALSE
T589C 034:261.656 JLINK_IsHalted()
T589C 034:262.704 - 1.042ms returns FALSE
T589C 034:369.780 JLINK_IsHalted()
T589C 034:370.952 - 1.170ms returns FALSE
T589C 034:371.028 JLINK_IsHalted()
T589C 034:371.924 - 0.895ms returns FALSE
T589C 034:479.360 JLINK_IsHalted()
T589C 034:480.504 - 1.141ms returns FALSE
T589C 034:480.808 JLINK_IsHalted()
T589C 034:481.964 - 1.161ms returns FALSE
T589C 034:588.020 JLINK_IsHalted()
T589C 034:589.004 - 0.983ms returns FALSE
T589C 034:589.080 JLINK_IsHalted()
T589C 034:590.008 - 0.930ms returns FALSE
T589C 034:697.924 JLINK_IsHalted()
T589C 034:698.992 - 1.065ms returns FALSE
T589C 034:699.068 JLINK_IsHalted()
T589C 034:699.848 - 0.782ms returns FALSE
T589C 034:807.368 JLINK_IsHalted()
T589C 034:808.432 - 1.066ms returns FALSE
T589C 034:808.548 JLINK_IsHalted()
T589C 034:809.480 - 0.931ms returns FALSE
T6918 034:834.616 JLINK_IsHalted()
T6918 034:835.532 - 0.917ms returns FALSE
T6918 034:835.600 JLINK_IsHalted()
T6918 034:836.308 - 0.707ms returns FALSE
T589C 034:916.608 JLINK_IsHalted()
T589C 034:917.572 - 0.965ms returns FALSE
T589C 034:917.668 JLINK_IsHalted()
T589C 034:918.504 - 0.834ms returns FALSE
T589C 035:025.528 JLINK_IsHalted()
T589C 035:026.344 - 0.814ms returns FALSE
T589C 035:026.416 JLINK_IsHalted()
T589C 035:027.176 - 0.757ms returns FALSE
T589C 035:135.388 JLINK_IsHalted()
T589C 035:136.444 - 1.054ms returns FALSE
T589C 035:136.528 JLINK_IsHalted()
T589C 035:137.184 - 0.657ms returns FALSE
T589C 035:244.352 JLINK_IsHalted()
T589C 035:245.316 - 0.960ms returns FALSE
T589C 035:245.408 JLINK_IsHalted()
T589C 035:246.540 - 1.128ms returns FALSE
T589C 035:354.264 JLINK_IsHalted()
T589C 035:355.220 - 0.953ms returns FALSE
T589C 035:355.284 JLINK_IsHalted()
T589C 035:356.340 - 1.055ms returns FALSE
T589C 035:463.536 JLINK_IsHalted()
T589C 035:464.568 - 1.031ms returns FALSE
T589C 035:464.648 JLINK_IsHalted()
T589C 035:465.544 - 0.896ms returns FALSE
T589C 035:572.380 JLINK_IsHalted()
T589C 035:573.360 - 0.979ms returns FALSE
T589C 035:573.460 JLINK_IsHalted()
T589C 035:574.424 - 0.962ms returns FALSE
T589C 035:681.896 JLINK_IsHalted()
T589C 035:682.928 - 1.032ms returns FALSE
T589C 035:683.020 JLINK_IsHalted()
T589C 035:683.824 - 0.802ms returns FALSE
T589C 035:791.512 JLINK_IsHalted()
T589C 035:792.568 - 1.060ms returns FALSE
T589C 035:792.636 JLINK_IsHalted()
T589C 035:793.576 - 0.937ms returns FALSE
T6918 035:837.016 JLINK_IsHalted()
T6918 035:837.992 - 0.975ms returns FALSE
T6918 035:838.072 JLINK_IsHalted()
T6918 035:838.908 - 0.832ms returns FALSE
T589C 035:900.964 JLINK_IsHalted()
T589C 035:902.048 - 1.084ms returns FALSE
T589C 035:902.152 JLINK_IsHalted()
T589C 035:903.048 - 0.897ms returns FALSE
T589C 036:011.256 JLINK_IsHalted()
T589C 036:012.296 - 1.039ms returns FALSE
T589C 036:012.444 JLINK_IsHalted()
T589C 036:013.572 - 1.125ms returns FALSE
T589C 036:119.640 JLINK_IsHalted()
T589C 036:120.796 - 1.153ms returns FALSE
T589C 036:120.872 JLINK_IsHalted()
T589C 036:121.672 - 0.796ms returns FALSE
T589C 036:229.156 JLINK_IsHalted()
T589C 036:230.440 - 1.282ms returns FALSE
T589C 036:230.540 JLINK_IsHalted()
T589C 036:231.388 - 0.847ms returns FALSE
T589C 036:339.000 JLINK_IsHalted()
T589C 036:340.188 - 1.183ms returns FALSE
T589C 036:340.472 JLINK_IsHalted()
T589C 036:341.452 - 0.982ms returns FALSE
T589C 036:447.872 JLINK_IsHalted()
T589C 036:448.680 - 0.808ms returns FALSE
T589C 036:448.772 JLINK_IsHalted()
T589C 036:449.600 - 0.827ms returns FALSE
T589C 036:557.304 JLINK_IsHalted()
T589C 036:558.188 - 0.885ms returns FALSE
T589C 036:558.276 JLINK_IsHalted()
T589C 036:558.936 - 0.658ms returns FALSE
T589C 036:667.020 JLINK_IsHalted()
T589C 036:668.104 - 1.085ms returns FALSE
T589C 036:668.204 JLINK_IsHalted()
T589C 036:669.116 - 0.911ms returns FALSE
T589C 036:775.576 JLINK_IsHalted()
T589C 036:776.456 - 0.879ms returns FALSE
T589C 036:776.520 JLINK_IsHalted()
T589C 036:777.496 - 0.978ms returns FALSE
T6918 036:839.504 JLINK_IsHalted()
T6918 036:840.424 - 0.915ms returns FALSE
T6918 036:840.540 JLINK_IsHalted()
T6918 036:841.388 - 0.847ms returns FALSE
T589C 036:885.588 JLINK_IsHalted()
T589C 036:886.632 - 1.044ms returns FALSE
T589C 036:886.732 JLINK_IsHalted()
T589C 036:887.648 - 0.914ms returns FALSE
T589C 036:994.568 JLINK_IsHalted()
T589C 036:995.576 - 1.006ms returns FALSE
T589C 036:995.716 JLINK_IsHalted()
T589C 036:996.572 - 0.857ms returns FALSE
T589C 037:103.888 JLINK_IsHalted()
T589C 037:105.004 - 1.115ms returns FALSE
T589C 037:105.096 JLINK_IsHalted()
T589C 037:106.064 - 0.962ms returns FALSE
T589C 037:213.388 JLINK_IsHalted()
T589C 037:214.648 - 1.204ms returns FALSE
T589C 037:214.856 JLINK_IsHalted()
T589C 037:215.636 - 0.777ms returns FALSE
T589C 037:322.540 JLINK_IsHalted()
T589C 037:323.544 - 1.004ms returns FALSE
T589C 037:323.640 JLINK_IsHalted()
T589C 037:324.536 - 0.894ms returns FALSE
T589C 037:432.000 JLINK_IsHalted()
T589C 037:433.008 - 1.004ms returns FALSE
T589C 037:433.100 JLINK_IsHalted()
T589C 037:434.184 - 1.084ms returns FALSE
T589C 037:541.548 JLINK_IsHalted()
T589C 037:542.536 - 0.987ms returns FALSE
T589C 037:542.612 JLINK_IsHalted()
T589C 037:543.540 - 0.925ms returns FALSE
T589C 037:651.352 JLINK_IsHalted()
T589C 037:652.344 - 0.994ms returns FALSE
T589C 037:652.424 JLINK_IsHalted()
T589C 037:653.224 - 0.795ms returns FALSE
T589C 037:760.848 JLINK_IsHalted()
T589C 037:761.856 - 1.008ms returns FALSE
T589C 037:761.960 JLINK_IsHalted()
T589C 037:762.976 - 1.007ms returns FALSE
T6918 037:842.312 JLINK_IsHalted()
T6918 037:843.052 - 0.737ms returns FALSE
T6918 037:843.148 JLINK_IsHalted()
T6918 037:843.848 - 0.695ms returns FALSE
T589C 037:869.928 JLINK_IsHalted()
T589C 037:870.836 - 0.907ms returns FALSE
T589C 037:870.916 JLINK_IsHalted()
T589C 037:871.640 - 0.726ms returns FALSE
T589C 037:979.000 JLINK_IsHalted()
T589C 037:980.384 - 1.378ms returns FALSE
T589C 037:980.488 JLINK_IsHalted()
T589C 037:981.208 - 0.714ms returns FALSE
T589C 038:088.228 JLINK_IsHalted()
T589C 038:089.224 - 0.996ms returns FALSE
T589C 038:089.320 JLINK_IsHalted()
T589C 038:090.452 - 1.130ms returns FALSE
T589C 038:198.240 JLINK_IsHalted()
T589C 038:199.272 - 1.032ms returns FALSE
T589C 038:199.336 JLINK_IsHalted()
T589C 038:200.296 - 0.957ms returns FALSE
T589C 038:307.156 JLINK_IsHalted()
T589C 038:308.436 - 1.278ms returns FALSE
T589C 038:308.516 JLINK_IsHalted()
T589C 038:309.520 - 1.004ms returns FALSE
T589C 038:416.572 JLINK_IsHalted()
T589C 038:417.536 - 0.961ms returns FALSE
T589C 038:417.632 JLINK_IsHalted()
T589C 038:418.568 - 0.936ms returns FALSE
T589C 038:526.432 JLINK_IsHalted()
T589C 038:527.520 - 1.087ms returns FALSE
T589C 038:527.584 JLINK_IsHalted()
T589C 038:528.380 - 0.794ms returns FALSE
T589C 038:635.672 JLINK_IsHalted()
T589C 038:636.920 - 1.244ms returns FALSE
T589C 038:637.000 JLINK_IsHalted()
T589C 038:638.068 - 1.070ms returns FALSE
T589C 038:744.972 JLINK_IsHalted()
T589C 038:746.148 - 1.173ms returns FALSE
T589C 038:746.280 JLINK_IsHalted()
T589C 038:747.168 - 0.888ms returns FALSE
T6918 038:844.248 JLINK_IsHalted()
T6918 038:845.212 - 0.958ms returns FALSE
T6918 038:845.312 JLINK_IsHalted()
T6918 038:846.492 - 1.177ms returns FALSE
T589C 038:854.344 JLINK_IsHalted()
T589C 038:855.412 - 1.067ms returns FALSE
T589C 038:855.496 JLINK_IsHalted()
T589C 038:856.604 - 1.111ms returns FALSE
T589C 038:963.544 JLINK_IsHalted()
T589C 038:964.624 - 1.077ms returns FALSE
T589C 038:964.688 JLINK_IsHalted()
T589C 038:965.508 - 0.819ms returns FALSE
T589C 039:073.236 JLINK_IsHalted()
T589C 039:074.336 - 1.099ms returns FALSE
T589C 039:074.436 JLINK_IsHalted()
T589C 039:075.504 - 1.055ms returns FALSE
T589C 039:184.164 JLINK_IsHalted()
T589C 039:185.256 - 1.090ms returns FALSE
T589C 039:185.324 JLINK_IsHalted()
T589C 039:186.120 - 0.793ms returns FALSE
T589C 039:291.436 JLINK_IsHalted()
T589C 039:292.516 - 1.077ms returns FALSE
T589C 039:292.580 JLINK_IsHalted()
T589C 039:293.384 - 0.807ms returns FALSE
T589C 039:400.632 JLINK_IsHalted()
T589C 039:401.448 - 0.819ms returns FALSE
T589C 039:401.520 JLINK_IsHalted()
T589C 039:402.664 - 1.146ms returns FALSE
T589C 039:510.504 JLINK_IsHalted()
T589C 039:511.340 - 0.835ms returns FALSE
T589C 039:511.432 JLINK_IsHalted()
T589C 039:512.216 - 0.787ms returns FALSE
T589C 039:620.188 JLINK_IsHalted()
T589C 039:621.208 - 1.018ms returns FALSE
T589C 039:621.316 JLINK_IsHalted()
T589C 039:622.216 - 0.894ms returns FALSE
T589C 039:728.712 JLINK_IsHalted()
T589C 039:729.840 - 1.127ms returns FALSE
T589C 039:729.920 JLINK_IsHalted()
T589C 039:730.840 - 0.920ms returns FALSE
T589C 039:838.264 JLINK_IsHalted()
T589C 039:839.248 - 0.985ms returns FALSE
T589C 039:839.352 JLINK_IsHalted()
T589C 039:840.204 - 0.850ms returns FALSE
T6918 039:847.520 JLINK_IsHalted()
T6918 039:848.408 - 0.888ms returns FALSE
T6918 039:848.472 JLINK_IsHalted()
T6918 039:849.172 - 0.696ms returns FALSE
T589C 039:947.872 JLINK_IsHalted()
T589C 039:949.080 - 1.208ms returns FALSE
T589C 039:949.192 JLINK_IsHalted()
T589C 039:949.996 - 0.806ms returns FALSE
T589C 040:056.824 JLINK_IsHalted()
T589C 040:058.052 - 1.224ms returns FALSE
T589C 040:058.148 JLINK_IsHalted()
T589C 040:059.048 - 0.900ms returns FALSE
T589C 040:166.916 JLINK_IsHalted()
T589C 040:168.168 - 1.250ms returns FALSE
T589C 040:168.268 JLINK_IsHalted()
T589C 040:169.336 - 1.069ms returns FALSE
T589C 040:276.648 JLINK_IsHalted()
T589C 040:277.644 - 0.994ms returns FALSE
T589C 040:277.724 JLINK_IsHalted()
T589C 040:279.136 - 1.409ms returns FALSE
T589C 040:385.608 JLINK_IsHalted()
T589C 040:386.632 - 1.022ms returns FALSE
T589C 040:386.716 JLINK_IsHalted()
T589C 040:387.672 - 0.954ms returns FALSE
T589C 040:494.324 JLINK_IsHalted()
T589C 040:495.224 - 0.897ms returns FALSE
T589C 040:495.720 JLINK_IsHalted()
T589C 040:496.604 - 0.886ms returns FALSE
T589C 040:603.776 JLINK_IsHalted()
T589C 040:604.808 - 1.034ms returns FALSE
T589C 040:604.888 JLINK_IsHalted()
T589C 040:605.772 - 0.886ms returns FALSE
T589C 040:714.312 JLINK_IsHalted()
T589C 040:715.368 - 1.052ms returns FALSE
T589C 040:715.448 JLINK_IsHalted()
T589C 040:716.540 - 1.092ms returns FALSE
T589C 040:822.932 JLINK_IsHalted()
T589C 040:823.884 - 0.952ms returns FALSE
T589C 040:823.928 JLINK_IsHalted()
T589C 040:825.032 - 1.106ms returns FALSE
T6918 040:849.624 JLINK_IsHalted()
T6918 040:850.704 - 1.077ms returns FALSE
T6918 040:850.808 JLINK_IsHalted()
T6918 040:851.640 - 0.830ms returns FALSE
T589C 040:932.280 JLINK_IsHalted()
T589C 040:933.128 - 0.847ms returns FALSE
T589C 040:933.204 JLINK_IsHalted()
T589C 040:933.952 - 0.748ms returns FALSE
T589C 041:041.496 JLINK_IsHalted()
T589C 041:042.444 - 0.948ms returns FALSE
T589C 041:042.524 JLINK_IsHalted()
T589C 041:043.308 - 0.782ms returns FALSE
T589C 041:150.664 JLINK_IsHalted()
T589C 041:151.532 - 0.867ms returns FALSE
T589C 041:151.580 JLINK_IsHalted()
T589C 041:152.428 - 0.846ms returns FALSE
T589C 041:260.056 JLINK_IsHalted()
T589C 041:261.240 - 1.179ms returns FALSE
T589C 041:261.384 JLINK_IsHalted()
T589C 041:262.136 - 0.751ms returns FALSE
T589C 041:369.928 JLINK_IsHalted()
T589C 041:370.664 - 0.734ms returns FALSE
T589C 041:370.740 JLINK_IsHalted()
T589C 041:371.416 - 0.676ms returns FALSE
T589C 041:480.440 JLINK_IsHalted()
T589C 041:481.576 - 1.132ms returns FALSE
T589C 041:481.704 JLINK_IsHalted()
T589C 041:482.468 - 0.761ms returns FALSE
T589C 041:588.116 JLINK_IsHalted()
T589C 041:588.988 - 0.872ms returns FALSE
T589C 041:589.052 JLINK_IsHalted()
T589C 041:589.716 - 0.660ms returns FALSE
T589C 041:698.060 JLINK_IsHalted()
T589C 041:699.072 - 1.012ms returns FALSE
T589C 041:699.144 JLINK_IsHalted()
T589C 041:700.228 - 1.080ms returns FALSE
T589C 041:808.292 JLINK_IsHalted()
T589C 041:809.324 - 1.032ms returns FALSE
T589C 041:809.408 JLINK_IsHalted()
T589C 041:810.328 - 0.919ms returns FALSE
T6918 041:852.604 JLINK_IsHalted()
T6918 041:853.492 - 0.888ms returns FALSE
T6918 041:853.560 JLINK_IsHalted()
T6918 041:854.392 - 0.830ms returns FALSE
T589C 041:916.460 JLINK_IsHalted()
T589C 041:917.432 - 0.973ms returns FALSE
T589C 041:917.504 JLINK_IsHalted()
T589C 041:918.176 - 0.671ms returns FALSE
T589C 042:026.084 JLINK_IsHalted()
T589C 042:027.284 - 1.199ms returns FALSE
T589C 042:027.372 JLINK_IsHalted()
T589C 042:028.208 - 0.831ms returns FALSE
T589C 042:135.560 JLINK_IsHalted()
T589C 042:136.576 - 1.014ms returns FALSE
T589C 042:136.648 JLINK_IsHalted()
T589C 042:138.092 - 1.435ms returns FALSE
T589C 042:244.320 JLINK_IsHalted()
T589C 042:245.828 - 1.506ms returns FALSE
T589C 042:246.220 JLINK_IsHalted()
T589C 042:247.052 - 0.832ms returns FALSE
T589C 042:353.768 JLINK_IsHalted()
T589C 042:354.888 - 1.118ms returns FALSE
T589C 042:354.964 JLINK_IsHalted()
T589C 042:356.344 - 1.381ms returns FALSE
T589C 042:463.656 JLINK_IsHalted()
T589C 042:464.792 - 1.135ms returns FALSE
T589C 042:464.872 JLINK_IsHalted()
T589C 042:465.860 - 0.987ms returns FALSE
T589C 042:572.896 JLINK_IsHalted()
T589C 042:573.936 - 1.038ms returns FALSE
T589C 042:574.020 JLINK_IsHalted()
T589C 042:574.680 - 0.658ms returns FALSE
T589C 042:681.876 JLINK_IsHalted()
T589C 042:682.968 - 1.091ms returns FALSE
T589C 042:683.104 JLINK_IsHalted()
T589C 042:683.960 - 0.856ms returns FALSE
T589C 042:791.384 JLINK_IsHalted()
T589C 042:792.764 - 1.377ms returns FALSE
T589C 042:792.848 JLINK_IsHalted()
T589C 042:793.932 - 1.081ms returns FALSE
T6918 042:854.756 JLINK_IsHalted()
T6918 042:855.656 - 0.897ms returns FALSE
T6918 042:855.736 JLINK_IsHalted()
T6918 042:856.664 - 0.929ms returns FALSE
T589C 042:901.056 JLINK_IsHalted()
T589C 042:901.992 - 0.935ms returns FALSE
T589C 042:902.096 JLINK_IsHalted()
T589C 042:902.872 - 0.773ms returns FALSE
T589C 043:010.356 JLINK_IsHalted()
T589C 043:011.224 - 0.866ms returns FALSE
T589C 043:011.308 JLINK_IsHalted()
T589C 043:012.088 - 0.774ms returns FALSE
T589C 043:119.792 JLINK_IsHalted()
T589C 043:120.752 - 0.961ms returns FALSE
T589C 043:120.812 JLINK_IsHalted()
T589C 043:121.740 - 0.925ms returns FALSE
T589C 043:228.704 JLINK_IsHalted()
T589C 043:229.808 - 1.101ms returns FALSE
T589C 043:229.912 JLINK_IsHalted()
T589C 043:230.688 - 0.775ms returns FALSE
T589C 043:338.408 JLINK_IsHalted()
T589C 043:339.528 - 1.121ms returns FALSE
T589C 043:339.628 JLINK_IsHalted()
T589C 043:340.828 - 1.198ms returns FALSE
T589C 043:447.528 JLINK_IsHalted()
T589C 043:448.652 - 1.120ms returns FALSE
T589C 043:448.728 JLINK_IsHalted()
T589C 043:449.536 - 0.807ms returns FALSE
T589C 043:556.776 JLINK_IsHalted()
T589C 043:557.940 - 1.163ms returns FALSE
T589C 043:558.060 JLINK_IsHalted()
T589C 043:558.952 - 0.894ms returns FALSE
T589C 043:666.520 JLINK_IsHalted()
T589C 043:667.496 - 0.971ms returns FALSE
T589C 043:667.580 JLINK_IsHalted()
T589C 043:668.576 - 0.992ms returns FALSE
T589C 043:776.776 JLINK_IsHalted()
T589C 043:777.560 - 0.780ms returns FALSE
T589C 043:777.792 JLINK_IsHalted()
T589C 043:778.800 - 1.006ms returns FALSE
T6918 043:857.228 JLINK_IsHalted()
T6918 043:858.344 - 1.113ms returns FALSE
T6918 043:858.412 JLINK_IsHalted()
T6918 043:859.316 - 0.899ms returns FALSE
T589C 043:885.620 JLINK_IsHalted()
T589C 043:888.420 - 2.800ms returns FALSE
T589C 043:888.496 JLINK_IsHalted()
T589C 043:889.116 - 0.619ms returns FALSE
T589C 043:994.580 JLINK_IsHalted()
T589C 043:996.448 - 1.868ms returns FALSE
T589C 043:996.552 JLINK_IsHalted()
T589C 043:997.592 - 1.037ms returns FALSE
T589C 044:104.648 JLINK_IsHalted()
T589C 044:105.600 - 0.951ms returns FALSE
T589C 044:105.676 JLINK_IsHalted()
T589C 044:106.572 - 0.895ms returns FALSE
T589C 044:213.504 JLINK_IsHalted()
T589C 044:214.668 - 1.163ms returns FALSE
T589C 044:214.748 JLINK_IsHalted()
T589C 044:215.668 - 0.919ms returns FALSE
T589C 044:322.784 JLINK_IsHalted()
T589C 044:323.868 - 1.092ms returns FALSE
T589C 044:323.992 JLINK_IsHalted()
T589C 044:324.776 - 0.789ms returns FALSE
T589C 044:432.568 JLINK_IsHalted()
T589C 044:433.548 - 0.981ms returns FALSE
T589C 044:433.656 JLINK_IsHalted()
T589C 044:434.536 - 0.880ms returns FALSE
T589C 044:541.912 JLINK_IsHalted()
T589C 044:543.184 - 1.270ms returns FALSE
T589C 044:543.292 JLINK_IsHalted()
T589C 044:544.196 - 0.902ms returns FALSE
T589C 044:651.000 JLINK_IsHalted()
T589C 044:652.040 - 1.035ms returns FALSE
T589C 044:652.116 JLINK_IsHalted()
T589C 044:653.160 - 1.046ms returns FALSE
T589C 044:759.972 JLINK_IsHalted()
T589C 044:761.076 - 1.103ms returns FALSE
T589C 044:761.180 JLINK_IsHalted()
T589C 044:761.944 - 0.760ms returns FALSE
T6918 044:859.520 JLINK_IsHalted()
T6918 044:860.344 - 0.820ms returns FALSE
T6918 044:860.420 JLINK_IsHalted()
T6918 044:861.496 - 1.075ms returns FALSE
T589C 044:869.984 JLINK_IsHalted()
T589C 044:871.068 - 1.086ms returns FALSE
T589C 044:871.156 JLINK_IsHalted()
T589C 044:871.984 - 0.828ms returns FALSE
T589C 044:979.608 JLINK_IsHalted()
T589C 044:980.836 - 1.224ms returns FALSE
T589C 044:980.920 JLINK_IsHalted()
T589C 044:981.880 - 0.956ms returns FALSE
T589C 045:088.568 JLINK_IsHalted()
T589C 045:089.376 - 0.807ms returns FALSE
T589C 045:089.448 JLINK_IsHalted()
T589C 045:090.348 - 0.898ms returns FALSE
T589C 045:198.204 JLINK_IsHalted()
T589C 045:199.696 - 1.497ms returns FALSE
T589C 045:199.784 JLINK_IsHalted()
T589C 045:200.676 - 0.892ms returns FALSE
T589C 045:307.900 JLINK_IsHalted()
T589C 045:308.792 - 0.891ms returns FALSE
T589C 045:308.864 JLINK_IsHalted()
T589C 045:309.896 - 1.031ms returns FALSE
T589C 045:416.536 JLINK_IsHalted()
T589C 045:417.656 - 1.118ms returns FALSE
T589C 045:417.732 JLINK_IsHalted()
T589C 045:418.684 - 0.952ms returns FALSE
T589C 045:526.072 JLINK_IsHalted()
T589C 045:527.016 - 0.938ms returns FALSE
T589C 045:527.112 JLINK_IsHalted()
T589C 045:528.104 - 0.990ms returns FALSE
T589C 045:635.112 JLINK_IsHalted()
T589C 045:636.132 - 1.019ms returns FALSE
T589C 045:636.260 JLINK_IsHalted()
T589C 045:637.288 - 1.028ms returns FALSE
T589C 045:745.484 JLINK_IsHalted()
T589C 045:747.020 - 1.535ms returns FALSE
T589C 045:747.096 JLINK_IsHalted()
T589C 045:747.852 - 0.756ms returns FALSE
T589C 045:854.436 JLINK_IsHalted()
T589C 045:855.392 - 0.958ms returns FALSE
T589C 045:855.520 JLINK_IsHalted()
T589C 045:856.316 - 0.795ms returns FALSE
T6918 045:862.780 JLINK_IsHalted()
T6918 045:863.848 - 1.064ms returns FALSE
T6918 045:863.948 JLINK_IsHalted()
T6918 045:864.940 - 0.990ms returns FALSE
T589C 045:963.596 JLINK_IsHalted()
T589C 045:964.596 - 0.998ms returns FALSE
T589C 045:964.704 JLINK_IsHalted()
T589C 045:965.620 - 0.914ms returns FALSE
T589C 046:072.700 JLINK_IsHalted()
T589C 046:073.840 - 1.137ms returns FALSE
T589C 046:073.920 JLINK_IsHalted()
T589C 046:075.292 - 1.373ms returns FALSE
T589C 046:182.432 JLINK_IsHalted()
T589C 046:183.288 - 0.852ms returns FALSE
T589C 046:183.384 JLINK_IsHalted()
T589C 046:184.216 - 0.832ms returns FALSE
T589C 046:291.228 JLINK_IsHalted()
T589C 046:292.512 - 1.278ms returns FALSE
T589C 046:292.600 JLINK_IsHalted()
T589C 046:293.660 - 1.059ms returns FALSE
T589C 046:400.756 JLINK_IsHalted()
T589C 046:401.820 - 1.062ms returns FALSE
T589C 046:401.932 JLINK_IsHalted()
T589C 046:403.020 - 1.087ms returns FALSE
T589C 046:510.116 JLINK_IsHalted()
T589C 046:511.252 - 1.132ms returns FALSE
T589C 046:511.368 JLINK_IsHalted()
T589C 046:512.152 - 0.783ms returns FALSE
T589C 046:619.348 JLINK_IsHalted()
T589C 046:620.212 - 0.865ms returns FALSE
T589C 046:620.268 JLINK_IsHalted()
T589C 046:621.056 - 0.783ms returns FALSE
T589C 046:729.188 JLINK_IsHalted()
T589C 046:730.404 - 1.218ms returns FALSE
T589C 046:730.476 JLINK_IsHalted()
T589C 046:731.752 - 1.274ms returns FALSE
T589C 046:838.184 JLINK_IsHalted()
T589C 046:839.212 - 1.030ms returns FALSE
T589C 046:839.292 JLINK_IsHalted()
T589C 046:840.160 - 0.866ms returns FALSE
T6918 046:865.600 JLINK_IsHalted()
T6918 046:866.604 - 1.003ms returns FALSE
T6918 046:866.692 JLINK_IsHalted()
T6918 046:867.620 - 0.929ms returns FALSE
T589C 046:948.360 JLINK_IsHalted()
T589C 046:949.356 - 0.997ms returns FALSE
T589C 046:949.448 JLINK_IsHalted()
T589C 046:950.392 - 0.942ms returns FALSE
T589C 047:057.640 JLINK_IsHalted()
T589C 047:058.680 - 1.044ms returns FALSE
T589C 047:058.752 JLINK_IsHalted()
T589C 047:059.512 - 0.757ms returns FALSE
T589C 047:166.968 JLINK_IsHalted()
T589C 047:167.860 - 0.888ms returns FALSE
T589C 047:167.944 JLINK_IsHalted()
T589C 047:168.808 - 0.864ms returns FALSE
T589C 047:275.684 JLINK_IsHalted()
T589C 047:276.696 - 1.012ms returns FALSE
T589C 047:276.776 JLINK_IsHalted()
T589C 047:277.764 - 0.984ms returns FALSE
T589C 047:385.172 JLINK_IsHalted()
T589C 047:386.188 - 1.015ms returns FALSE
T589C 047:386.280 JLINK_IsHalted()
T589C 047:387.112 - 0.828ms returns FALSE
T589C 047:494.880 JLINK_IsHalted()
T589C 047:495.856 - 0.975ms returns FALSE
T589C 047:495.972 JLINK_IsHalted()
T589C 047:497.048 - 1.075ms returns FALSE
T589C 047:604.400 JLINK_IsHalted()
T589C 047:605.988 - 1.585ms returns FALSE
T589C 047:606.056 JLINK_IsHalted()
T589C 047:606.840 - 0.782ms returns FALSE
T589C 047:713.728 JLINK_IsHalted()
T589C 047:714.680 - 0.949ms returns FALSE
T589C 047:714.756 JLINK_IsHalted()
T589C 047:715.836 - 1.081ms returns FALSE
T589C 047:823.252 JLINK_IsHalted()
T589C 047:824.368 - 1.116ms returns FALSE
T589C 047:824.452 JLINK_IsHalted()
T589C 047:825.672 - 1.220ms returns FALSE
T6918 047:867.384 JLINK_IsHalted()
T6918 047:868.592 - 1.208ms returns FALSE
T6918 047:868.696 JLINK_IsHalted()
T6918 047:870.176 - 1.483ms returns FALSE
T589C 047:931.900 JLINK_IsHalted()
T589C 047:933.148 - 1.244ms returns FALSE
T589C 047:933.288 JLINK_IsHalted()
T589C 047:934.136 - 0.846ms returns FALSE
T589C 048:041.704 JLINK_IsHalted()
T589C 048:042.564 - 0.860ms returns FALSE
T589C 048:042.712 JLINK_IsHalted()
T589C 048:043.512 - 0.798ms returns FALSE
T589C 048:151.552 JLINK_IsHalted()
T589C 048:152.520 - 0.967ms returns FALSE
T589C 048:152.608 JLINK_IsHalted()
T589C 048:153.588 - 0.980ms returns FALSE
T589C 048:260.712 JLINK_IsHalted()
T589C 048:261.884 - 1.171ms returns FALSE
T589C 048:262.084 JLINK_IsHalted()
T589C 048:263.544 - 1.461ms returns FALSE
T589C 048:369.708 JLINK_IsHalted()
T589C 048:371.020 - 1.310ms returns FALSE
T589C 048:371.080 JLINK_IsHalted()
T589C 048:372.128 - 1.047ms returns FALSE
T589C 048:479.908 JLINK_IsHalted()
T589C 048:481.080 - 1.175ms returns FALSE
T589C 048:481.180 JLINK_IsHalted()
T589C 048:482.804 - 1.622ms returns FALSE
T589C 048:588.584 JLINK_IsHalted()
T589C 048:589.648 - 1.060ms returns FALSE
T589C 048:589.800 JLINK_IsHalted()
T589C 048:590.672 - 0.870ms returns FALSE
T589C 048:698.176 JLINK_IsHalted()
T589C 048:699.332 - 1.155ms returns FALSE
T589C 048:699.456 JLINK_IsHalted()
T589C 048:700.372 - 0.913ms returns FALSE
T589C 048:807.688 JLINK_IsHalted()
T589C 048:808.760 - 1.074ms returns FALSE
T589C 048:808.852 JLINK_IsHalted()
T589C 048:809.624 - 0.770ms returns FALSE
T6918 048:870.868 JLINK_IsHalted()
T6918 048:871.768 - 0.903ms returns FALSE
T6918 048:871.864 JLINK_IsHalted()
T6918 048:873.528 - 1.662ms returns FALSE
T589C 048:916.300 JLINK_IsHalted()
T589C 048:917.280 - 0.976ms returns FALSE
T589C 048:917.368 JLINK_IsHalted()
T589C 048:918.236 - 0.871ms returns FALSE
T589C 049:025.912 JLINK_IsHalted()
T589C 049:027.104 - 1.190ms returns FALSE
T589C 049:027.192 JLINK_IsHalted()
T589C 049:028.284 - 1.091ms returns FALSE
T589C 049:135.208 JLINK_IsHalted()
T589C 049:136.248 - 1.038ms returns FALSE
T589C 049:136.392 JLINK_IsHalted()
T589C 049:137.272 - 0.879ms returns FALSE
T589C 049:244.312 JLINK_IsHalted()
T589C 049:245.284 - 0.969ms returns FALSE
T589C 049:245.416 JLINK_IsHalted()
T589C 049:246.564 - 1.146ms returns FALSE
T589C 049:353.940 JLINK_IsHalted()
T589C 049:354.840 - 0.900ms returns FALSE
T589C 049:354.948 JLINK_IsHalted()
T589C 049:355.792 - 0.846ms returns FALSE
T589C 049:463.876 JLINK_IsHalted()
T589C 049:464.948 - 1.072ms returns FALSE
T589C 049:465.032 JLINK_IsHalted()
T589C 049:465.988 - 0.956ms returns FALSE
T589C 049:573.488 JLINK_IsHalted()
T589C 049:574.596 - 1.108ms returns FALSE
T589C 049:574.728 JLINK_IsHalted()
T589C 049:575.760 - 1.029ms returns FALSE
T589C 049:682.168 JLINK_IsHalted()
T589C 049:683.152 - 0.979ms returns FALSE
T589C 049:683.240 JLINK_IsHalted()
T589C 049:684.072 - 0.833ms returns FALSE
T589C 049:791.708 JLINK_IsHalted()
T589C 049:792.688 - 0.978ms returns FALSE
T589C 049:792.764 JLINK_IsHalted()
T589C 049:793.616 - 0.853ms returns FALSE
T6918 049:873.904 JLINK_IsHalted()
T6918 049:874.748 - 0.842ms returns FALSE
T6918 049:874.880 JLINK_IsHalted()
T6918 049:875.688 - 0.810ms returns FALSE
T589C 049:901.792 JLINK_IsHalted()
T589C 049:902.840 - 1.046ms returns FALSE
T589C 049:902.916 JLINK_IsHalted()
T589C 049:903.840 - 0.923ms returns FALSE
T589C 050:010.904 JLINK_IsHalted()
T589C 050:012.068 - 1.162ms returns FALSE
T589C 050:012.188 JLINK_IsHalted()
T589C 050:013.512 - 1.319ms returns FALSE
T589C 050:119.520 JLINK_IsHalted()
T589C 050:120.600 - 1.079ms returns FALSE
T589C 050:120.688 JLINK_IsHalted()
T589C 050:121.544 - 0.856ms returns FALSE
T589C 050:228.952 JLINK_IsHalted()
T589C 050:230.588 - 1.640ms returns FALSE
T589C 050:230.680 JLINK_IsHalted()
T589C 050:231.620 - 0.936ms returns FALSE
T589C 050:338.788 JLINK_IsHalted()
T589C 050:339.760 - 0.972ms returns FALSE
T589C 050:339.852 JLINK_IsHalted()
T589C 050:340.888 - 1.033ms returns FALSE
T589C 050:448.312 JLINK_IsHalted()
T589C 050:449.328 - 1.015ms returns FALSE
T589C 050:449.420 JLINK_IsHalted()
T589C 050:450.568 - 1.143ms returns FALSE
T589C 050:557.132 JLINK_IsHalted()
T589C 050:558.312 - 1.179ms returns FALSE
T589C 050:558.392 JLINK_IsHalted()
T589C 050:559.200 - 0.811ms returns FALSE
T589C 050:666.964 JLINK_IsHalted()
T589C 050:668.180 - 1.212ms returns FALSE
T589C 050:668.252 JLINK_IsHalted()
T589C 050:669.116 - 0.860ms returns FALSE
T589C 050:776.552 JLINK_IsHalted()
T589C 050:777.400 - 0.844ms returns FALSE
T589C 050:777.484 JLINK_IsHalted()
T589C 050:778.232 - 0.745ms returns FALSE
T6918 050:875.304 JLINK_IsHalted()
T6918 050:876.744 - 1.440ms returns FALSE
T6918 050:876.824 JLINK_IsHalted()
T6918 050:877.556 - 0.728ms returns FALSE
T589C 050:885.808 JLINK_IsHalted()
T589C 050:886.852 - 1.042ms returns FALSE
T589C 050:886.928 JLINK_IsHalted()
T589C 050:887.864 - 0.939ms returns FALSE
T589C 050:994.264 JLINK_IsHalted()
T589C 050:995.164 - 0.895ms returns FALSE
T589C 050:995.260 JLINK_IsHalted()
T589C 050:996.576 - 1.315ms returns FALSE
T589C 051:104.648 JLINK_IsHalted()
T589C 051:105.736 - 1.090ms returns FALSE
T589C 051:105.832 JLINK_IsHalted()
T589C 051:106.756 - 0.924ms returns FALSE
T589C 051:214.260 JLINK_IsHalted()
T589C 051:215.480 - 1.223ms returns FALSE
T589C 051:215.560 JLINK_IsHalted()
T589C 051:216.420 - 0.857ms returns FALSE
T589C 051:323.272 JLINK_IsHalted()
T589C 051:324.372 - 1.090ms returns FALSE
T589C 051:324.460 JLINK_IsHalted()
T589C 051:325.436 - 0.976ms returns FALSE
T589C 051:432.480 JLINK_IsHalted()
T589C 051:433.524 - 1.042ms returns FALSE
T589C 051:433.624 JLINK_IsHalted()
T589C 051:434.840 - 1.213ms returns FALSE
T589C 051:542.044 JLINK_IsHalted()
T589C 051:543.064 - 1.019ms returns FALSE
T589C 051:543.140 JLINK_IsHalted()
T589C 051:544.000 - 0.859ms returns FALSE
T589C 051:651.176 JLINK_IsHalted()
T589C 051:652.164 - 0.982ms returns FALSE
T589C 051:652.232 JLINK_IsHalted()
T589C 051:653.096 - 0.862ms returns FALSE
T589C 051:759.988 JLINK_IsHalted()
T589C 051:761.032 - 1.042ms returns FALSE
T589C 051:761.128 JLINK_IsHalted()
T589C 051:761.936 - 0.809ms returns FALSE
T589C 051:869.440 JLINK_IsHalted()
T589C 051:870.664 - 1.217ms returns FALSE
T589C 051:870.756 JLINK_IsHalted()
T589C 051:871.516 - 0.760ms returns FALSE
T6918 051:879.488 JLINK_IsHalted()
T6918 051:880.440 - 0.947ms returns FALSE
T6918 051:880.520 JLINK_IsHalted()
T6918 051:881.432 - 0.907ms returns FALSE
T589C 051:979.276 JLINK_IsHalted()
T589C 051:980.388 - 1.109ms returns FALSE
T589C 051:980.488 JLINK_IsHalted()
T589C 051:981.216 - 0.731ms returns FALSE
T589C 052:088.884 JLINK_IsHalted()
T589C 052:089.868 - 0.985ms returns FALSE
T589C 052:089.948 JLINK_IsHalted()
T589C 052:090.712 - 0.761ms returns FALSE
T589C 052:197.832 JLINK_IsHalted()
T589C 052:199.040 - 1.207ms returns FALSE
T589C 052:199.144 JLINK_IsHalted()
T589C 052:200.192 - 1.047ms returns FALSE
T589C 052:307.752 JLINK_IsHalted()
T589C 052:308.920 - 1.171ms returns FALSE
T589C 052:308.992 JLINK_IsHalted()
T589C 052:309.960 - 0.969ms returns FALSE
T589C 052:416.600 JLINK_IsHalted()
T589C 052:417.796 - 1.195ms returns FALSE
T589C 052:417.896 JLINK_IsHalted()
T589C 052:418.740 - 0.840ms returns FALSE
T589C 052:526.312 JLINK_IsHalted()
T589C 052:527.212 - 0.896ms returns FALSE
T589C 052:527.292 JLINK_IsHalted()
T589C 052:528.088 - 0.795ms returns FALSE
T589C 052:635.904 JLINK_IsHalted()
T589C 052:637.204 - 1.298ms returns FALSE
T589C 052:637.320 JLINK_IsHalted()
T589C 052:638.584 - 1.267ms returns FALSE
T589C 052:744.996 JLINK_IsHalted()
T589C 052:746.100 - 1.092ms returns FALSE
T589C 052:746.472 JLINK_IsHalted()
T589C 052:747.476 - 1.004ms returns FALSE
T589C 052:854.532 JLINK_IsHalted()
T589C 052:855.480 - 0.944ms returns FALSE
T589C 052:855.576 JLINK_IsHalted()
T589C 052:856.520 - 0.943ms returns FALSE
T6918 052:881.672 JLINK_IsHalted()
T6918 052:882.536 - 0.861ms returns FALSE
T6918 052:882.620 JLINK_IsHalted()
T6918 052:883.432 - 0.810ms returns FALSE
T589C 052:963.272 JLINK_IsHalted()
T589C 052:964.524 - 1.248ms returns FALSE
T589C 052:964.624 JLINK_IsHalted()
T589C 052:965.336 - 0.713ms returns FALSE
T589C 053:072.488 JLINK_IsHalted()
T589C 053:073.892 - 1.404ms returns FALSE
T589C 053:073.972 JLINK_IsHalted()
T589C 053:074.864 - 0.892ms returns FALSE
T589C 053:182.184 JLINK_IsHalted()
T589C 053:183.208 - 1.025ms returns FALSE
T589C 053:183.324 JLINK_IsHalted()
T589C 053:184.308 - 0.965ms returns FALSE
T589C 053:291.352 JLINK_IsHalted()
T589C 053:293.084 - 1.735ms returns FALSE
T589C 053:293.180 JLINK_IsHalted()
T589C 053:294.008 - 0.824ms returns FALSE
T589C 053:401.336 JLINK_IsHalted()
T589C 053:402.472 - 1.136ms returns FALSE
T589C 053:402.552 JLINK_IsHalted()
T589C 053:403.572 - 1.013ms returns FALSE
T589C 053:510.308 JLINK_IsHalted()
T589C 053:511.464 - 1.153ms returns FALSE
T589C 053:511.652 JLINK_IsHalted()
T589C 053:512.716 - 1.064ms returns FALSE
T589C 053:619.620 JLINK_IsHalted()
T589C 053:620.632 - 1.012ms returns FALSE
T589C 053:620.716 JLINK_IsHalted()
T589C 053:621.760 - 1.009ms returns FALSE
T589C 053:729.652 JLINK_IsHalted()
T589C 053:731.072 - 1.423ms returns FALSE
T589C 053:731.156 JLINK_IsHalted()
T589C 053:732.372 - 1.214ms returns FALSE
T589C 053:838.196 JLINK_IsHalted()
T589C 053:839.560 - 1.358ms returns FALSE
T589C 053:839.640 JLINK_IsHalted()
T589C 053:840.440 - 0.782ms returns FALSE
T6918 053:884.296 JLINK_IsHalted()
T6918 053:885.268 - 0.973ms returns FALSE
T6918 053:885.344 JLINK_IsHalted()
T6918 053:887.028 - 1.681ms returns FALSE
T589C 053:948.184 JLINK_IsHalted()
T589C 053:949.260 - 1.074ms returns FALSE
T589C 053:949.368 JLINK_IsHalted()
T589C 053:950.280 - 0.910ms returns FALSE
T589C 054:057.172 JLINK_IsHalted()
T589C 054:058.036 - 0.865ms returns FALSE
T589C 054:058.112 JLINK_IsHalted()
T589C 054:059.000 - 0.888ms returns FALSE
T589C 054:167.500 JLINK_IsHalted()
T589C 054:168.492 - 0.991ms returns FALSE
T589C 054:168.568 JLINK_IsHalted()
T589C 054:169.416 - 0.839ms returns FALSE
T589C 054:275.660 JLINK_IsHalted()
T589C 054:276.760 - 1.095ms returns FALSE
T589C 054:276.884 JLINK_IsHalted()
T589C 054:277.844 - 0.954ms returns FALSE
T589C 054:385.080 JLINK_IsHalted()
T589C 054:386.220 - 1.133ms returns FALSE
T589C 054:386.344 JLINK_IsHalted()
T589C 054:387.360 - 1.017ms returns FALSE
T589C 054:494.712 JLINK_IsHalted()
T589C 054:495.768 - 1.046ms returns FALSE
T589C 054:496.052 JLINK_IsHalted()
T589C 054:497.132 - 1.083ms returns FALSE
T589C 054:604.140 JLINK_IsHalted()
T589C 054:605.260 - 1.116ms returns FALSE
T589C 054:605.344 JLINK_IsHalted()
T589C 054:606.248 - 0.898ms returns FALSE
T589C 054:712.980 JLINK_IsHalted()
T589C 054:713.972 - 0.992ms returns FALSE
T589C 054:714.068 JLINK_IsHalted()
T589C 054:714.956 - 0.889ms returns FALSE
T589C 054:823.404 JLINK_IsHalted()
T589C 054:824.392 - 0.986ms returns FALSE
T589C 054:824.472 JLINK_IsHalted()
T589C 054:825.248 - 0.774ms returns FALSE
T6918 054:888.340 JLINK_IsHalted()
T6918 054:889.132 - 0.792ms returns FALSE
T6918 054:889.224 JLINK_IsHalted()
T6918 054:889.888 - 0.667ms returns FALSE
T589C 054:932.012 JLINK_IsHalted()
T589C 054:932.972 - 0.960ms returns FALSE
T589C 054:933.032 JLINK_IsHalted()
T589C 054:934.060 - 1.030ms returns FALSE
T589C 055:041.256 JLINK_IsHalted()
T589C 055:042.132 - 0.875ms returns FALSE
T589C 055:042.216 JLINK_IsHalted()
T589C 055:043.136 - 0.917ms returns FALSE
T589C 055:151.352 JLINK_IsHalted()
T589C 055:152.672 - 1.315ms returns FALSE
T589C 055:152.748 JLINK_IsHalted()
T589C 055:153.716 - 0.963ms returns FALSE
T589C 055:260.288 JLINK_IsHalted()
T589C 055:261.368 - 1.085ms returns FALSE
T589C 055:261.484 JLINK_IsHalted()
T589C 055:262.360 - 0.870ms returns FALSE
T589C 055:369.452 JLINK_IsHalted()
T589C 055:370.656 - 1.203ms returns FALSE
T589C 055:370.740 JLINK_IsHalted()
T589C 055:371.808 - 1.068ms returns FALSE
T589C 055:479.668 JLINK_IsHalted()
T589C 055:480.640 - 0.977ms returns FALSE
T589C 055:480.716 JLINK_IsHalted()
T589C 055:481.524 - 0.806ms returns FALSE
T589C 055:588.556 JLINK_IsHalted()
T589C 055:589.560 - 1.003ms returns FALSE
T589C 055:589.656 JLINK_IsHalted()
T589C 055:590.496 - 0.834ms returns FALSE
T589C 055:698.092 JLINK_IsHalted()
T589C 055:699.180 - 1.087ms returns FALSE
T589C 055:699.284 JLINK_IsHalted()
T589C 055:700.280 - 0.993ms returns FALSE
T589C 055:806.804 JLINK_IsHalted()
T589C 055:807.752 - 0.947ms returns FALSE
T589C 055:807.828 JLINK_IsHalted()
T589C 055:808.776 - 0.947ms returns FALSE
T6918 055:890.952 JLINK_IsHalted()
T6918 055:891.800 - 0.851ms returns FALSE
T6918 055:891.904 JLINK_IsHalted()
T6918 055:892.936 - 1.028ms returns FALSE
T589C 055:916.340 JLINK_IsHalted()
T589C 055:917.300 - 0.961ms returns FALSE
T589C 055:917.384 JLINK_IsHalted()
T589C 055:918.156 - 0.772ms returns FALSE
T589C 056:026.572 JLINK_IsHalted()
T589C 056:027.540 - 0.969ms returns FALSE
T589C 056:027.628 JLINK_IsHalted()
T589C 056:028.544 - 0.914ms returns FALSE
T589C 056:134.900 JLINK_IsHalted()
T589C 056:135.916 - 1.015ms returns FALSE
T589C 056:136.040 JLINK_IsHalted()
T589C 056:137.140 - 1.099ms returns FALSE
T589C 056:245.408 JLINK_IsHalted()
T589C 056:246.888 - 1.481ms returns FALSE
T589C 056:247.000 JLINK_IsHalted()
T589C 056:248.160 - 1.156ms returns FALSE
T589C 056:353.952 JLINK_IsHalted()
T589C 056:355.512 - 1.562ms returns FALSE
T589C 056:355.624 JLINK_IsHalted()
T589C 056:356.608 - 0.981ms returns FALSE
T589C 056:463.240 JLINK_IsHalted()
T589C 056:464.148 - 0.907ms returns FALSE
T589C 056:464.232 JLINK_IsHalted()
T589C 056:465.268 - 1.037ms returns FALSE
T589C 056:573.012 JLINK_IsHalted()
T589C 056:573.976 - 0.966ms returns FALSE
T589C 056:574.068 JLINK_IsHalted()
T589C 056:575.220 - 1.154ms returns FALSE
T589C 056:682.388 JLINK_IsHalted()
T589C 056:683.380 - 0.987ms returns FALSE
T589C 056:683.456 JLINK_IsHalted()
T589C 056:684.436 - 0.980ms returns FALSE
T589C 056:791.680 JLINK_IsHalted()
T589C 056:792.936 - 1.255ms returns FALSE
T589C 056:793.036 JLINK_IsHalted()
T589C 056:793.792 - 0.752ms returns FALSE
T6918 056:894.080 JLINK_IsHalted()
T6918 056:894.988 - 0.907ms returns FALSE
T6918 056:895.112 JLINK_IsHalted()
T6918 056:896.312 - 1.200ms returns FALSE
T589C 056:900.692 JLINK_IsHalted()
T589C 056:901.792 - 1.099ms returns FALSE
T589C 056:901.888 JLINK_IsHalted()
T589C 056:902.804 - 0.917ms returns FALSE
T589C 057:010.324 JLINK_IsHalted()
T589C 057:011.252 - 0.928ms returns FALSE
T589C 057:011.352 JLINK_IsHalted()
T589C 057:012.256 - 0.901ms returns FALSE
T589C 057:119.604 JLINK_IsHalted()
T589C 057:120.840 - 1.233ms returns FALSE
T589C 057:121.024 JLINK_IsHalted()
T589C 057:122.444 - 1.414ms returns FALSE
T589C 057:229.644 JLINK_IsHalted()
T589C 057:230.956 - 1.312ms returns FALSE
T589C 057:231.064 JLINK_IsHalted()
T589C 057:231.968 - 0.902ms returns FALSE
T589C 057:338.488 JLINK_IsHalted()
T589C 057:339.500 - 1.007ms returns FALSE
T589C 057:339.584 JLINK_IsHalted()
T589C 057:340.428 - 0.840ms returns FALSE
T589C 057:447.944 JLINK_IsHalted()
T589C 057:449.196 - 1.255ms returns FALSE
T589C 057:449.288 JLINK_IsHalted()
T589C 057:450.152 - 0.866ms returns FALSE
T589C 057:557.740 JLINK_IsHalted()
T589C 057:558.632 - 0.884ms returns FALSE
T589C 057:558.728 JLINK_IsHalted()
T589C 057:559.944 - 1.217ms returns FALSE
T589C 057:666.484 JLINK_IsHalted()
T589C 057:667.576 - 1.093ms returns FALSE
T589C 057:667.668 JLINK_IsHalted()
T589C 057:668.896 - 1.232ms returns FALSE
T589C 057:775.688 JLINK_IsHalted()
T589C 057:777.064 - 1.373ms returns FALSE
T589C 057:777.300 JLINK_IsHalted()
T589C 057:778.100 - 0.800ms returns FALSE
T589C 057:885.300 JLINK_IsHalted()
T589C 057:886.120 - 0.817ms returns FALSE
T589C 057:886.168 JLINK_IsHalted()
T589C 057:887.148 - 0.980ms returns FALSE
T6918 057:896.844 JLINK_IsHalted()
T6918 057:897.812 - 0.970ms returns FALSE
T6918 057:897.908 JLINK_IsHalted()
T6918 057:898.700 - 0.792ms returns FALSE
T589C 057:995.416 JLINK_IsHalted()
T589C 057:996.352 - 0.929ms returns FALSE
T589C 057:996.428 JLINK_IsHalted()
T589C 057:997.448 - 1.016ms returns FALSE
T589C 058:104.600 JLINK_IsHalted()
T589C 058:105.580 - 0.972ms returns FALSE
T589C 058:105.684 JLINK_IsHalted()
T589C 058:106.520 - 0.837ms returns FALSE
T589C 058:213.228 JLINK_IsHalted()
T589C 058:214.444 - 1.217ms returns FALSE
T589C 058:214.560 JLINK_IsHalted()
T589C 058:215.328 - 0.767ms returns FALSE
T589C 058:322.964 JLINK_IsHalted()
T589C 058:323.916 - 0.957ms returns FALSE
T589C 058:324.032 JLINK_IsHalted()
T589C 058:324.712 - 0.680ms returns FALSE
T589C 058:432.056 JLINK_IsHalted()
T589C 058:433.144 - 1.086ms returns FALSE
T589C 058:433.236 JLINK_IsHalted()
T589C 058:434.024 - 0.782ms returns FALSE
T589C 058:541.972 JLINK_IsHalted()
T589C 058:543.144 - 1.167ms returns FALSE
T589C 058:543.240 JLINK_IsHalted()
T589C 058:544.108 - 0.867ms returns FALSE
T589C 058:651.700 JLINK_IsHalted()
T589C 058:652.904 - 1.203ms returns FALSE
T589C 058:652.992 JLINK_IsHalted()
T589C 058:654.284 - 1.291ms returns FALSE
T589C 058:760.224 JLINK_IsHalted()
T589C 058:761.464 - 1.242ms returns FALSE
T589C 058:761.592 JLINK_IsHalted()
T589C 058:762.988 - 1.393ms returns FALSE
T589C 058:869.720 JLINK_IsHalted()
T589C 058:870.776 - 1.054ms returns FALSE
T589C 058:870.856 JLINK_IsHalted()
T589C 058:871.820 - 0.966ms returns FALSE
T6918 058:898.848 JLINK_IsHalted()
T6918 058:899.840 - 1.001ms returns FALSE
T6918 058:899.992 JLINK_IsHalted()
T6918 058:900.788 - 0.796ms returns FALSE
T589C 058:979.784 JLINK_IsHalted()
T589C 058:981.100 - 1.318ms returns FALSE
T589C 058:981.184 JLINK_IsHalted()
T589C 058:982.080 - 0.897ms returns FALSE
T589C 059:088.536 JLINK_IsHalted()
T589C 059:089.784 - 1.243ms returns FALSE
T589C 059:089.888 JLINK_IsHalted()
T589C 059:090.680 - 0.792ms returns FALSE
T589C 059:197.368 JLINK_IsHalted()
T589C 059:198.488 - 1.120ms returns FALSE
T589C 059:198.600 JLINK_IsHalted()
T589C 059:199.628 - 1.030ms returns FALSE
T589C 059:307.816 JLINK_IsHalted()
T589C 059:308.904 - 1.084ms returns FALSE
T589C 059:309.004 JLINK_IsHalted()
T589C 059:309.812 - 0.807ms returns FALSE
T589C 059:416.440 JLINK_IsHalted()
T589C 059:417.344 - 0.901ms returns FALSE
T589C 059:417.448 JLINK_IsHalted()
T589C 059:418.336 - 0.893ms returns FALSE
T589C 059:525.600 JLINK_IsHalted()
T589C 059:526.612 - 1.007ms returns FALSE
T589C 059:526.676 JLINK_IsHalted()
T589C 059:527.584 - 0.906ms returns FALSE
T589C 059:634.956 JLINK_IsHalted()
T589C 059:635.912 - 0.956ms returns FALSE
T589C 059:636.000 JLINK_IsHalted()
T589C 059:636.728 - 0.730ms returns FALSE
T589C 059:744.268 JLINK_IsHalted()
T589C 059:745.620 - 1.346ms returns FALSE
T589C 059:745.720 JLINK_IsHalted()
T589C 059:746.560 - 0.836ms returns FALSE
T589C 059:853.928 JLINK_IsHalted()
T589C 059:855.008 - 1.076ms returns FALSE
T589C 059:855.104 JLINK_IsHalted()
T589C 059:856.140 - 1.031ms returns FALSE
T6918 059:902.112 JLINK_IsHalted()
T6918 059:903.864 - 1.752ms returns FALSE
T6918 059:903.948 JLINK_IsHalted()
T6918 059:905.128 - 1.180ms returns FALSE
T589C 059:963.148 JLINK_IsHalted()
T589C 059:964.044 - 0.893ms returns FALSE
T589C 059:964.212 JLINK_IsHalted()
T589C 059:964.968 - 0.753ms returns FALSE
T589C 060:072.436 JLINK_IsHalted()
T589C 060:073.512 - 1.076ms returns FALSE
T589C 060:073.588 JLINK_IsHalted()
T589C 060:074.432 - 0.841ms returns FALSE
T589C 060:182.232 JLINK_IsHalted()
T589C 060:183.232 - 0.995ms returns FALSE
T589C 060:183.336 JLINK_IsHalted()
T589C 060:184.212 - 0.878ms returns FALSE
T589C 060:291.852 JLINK_IsHalted()
T589C 060:292.724 - 0.870ms returns FALSE
T589C 060:292.820 JLINK_IsHalted()
T589C 060:293.620 - 0.796ms returns FALSE
T589C 060:401.516 JLINK_IsHalted()
T589C 060:402.676 - 1.159ms returns FALSE
T589C 060:402.784 JLINK_IsHalted()
T589C 060:404.172 - 1.386ms returns FALSE
T589C 060:510.744 JLINK_IsHalted()
T589C 060:512.012 - 1.270ms returns FALSE
T589C 060:512.120 JLINK_IsHalted()
T589C 060:513.024 - 0.906ms returns FALSE
T589C 060:620.184 JLINK_IsHalted()
T589C 060:621.208 - 1.021ms returns FALSE
T589C 060:621.288 JLINK_IsHalted()
T589C 060:622.168 - 0.884ms returns FALSE
T589C 060:729.440 JLINK_IsHalted()
T589C 060:730.516 - 1.071ms returns FALSE
T589C 060:730.856 JLINK_IsHalted()
T589C 060:731.576 - 0.721ms returns FALSE
T589C 060:839.008 JLINK_IsHalted()
T589C 060:840.180 - 1.168ms returns FALSE
T589C 060:840.280 JLINK_IsHalted()
T589C 060:841.176 - 0.901ms returns FALSE
T6918 060:905.684 JLINK_IsHalted()
T6918 060:906.648 - 0.970ms returns FALSE
T6918 060:906.860 JLINK_IsHalted()
T6918 060:907.880 - 1.012ms returns FALSE
T589C 060:947.604 JLINK_IsHalted()
T589C 060:948.684 - 1.084ms returns FALSE
T589C 060:948.776 JLINK_IsHalted()
T589C 060:949.836 - 1.064ms returns FALSE
T589C 061:056.812 JLINK_IsHalted()
T589C 061:057.824 - 1.005ms returns FALSE
T589C 061:057.896 JLINK_IsHalted()
T589C 061:058.808 - 0.914ms returns FALSE
T589C 061:167.212 JLINK_IsHalted()
T589C 061:168.084 - 0.866ms returns FALSE
T589C 061:168.404 JLINK_IsHalted()
T589C 061:169.236 - 0.830ms returns FALSE
T589C 061:275.784 JLINK_IsHalted()
T589C 061:276.800 - 1.015ms returns FALSE
T589C 061:276.884 JLINK_IsHalted()
T589C 061:277.656 - 0.771ms returns FALSE
T589C 061:385.536 JLINK_IsHalted()
T589C 061:386.668 - 1.129ms returns FALSE
T589C 061:386.936 JLINK_IsHalted()
T589C 061:388.024 - 1.086ms returns FALSE
T589C 061:495.200 JLINK_IsHalted()
T589C 061:496.360 - 1.160ms returns FALSE
T589C 061:496.456 JLINK_IsHalted()
T589C 061:497.368 - 0.917ms returns FALSE
T589C 061:603.884 JLINK_IsHalted()
T589C 061:609.716 - 5.825ms returns FALSE
T589C 061:609.784 JLINK_IsHalted()
T589C 061:610.496 - 0.708ms returns FALSE
T589C 061:713.152 JLINK_IsHalted()
T589C 061:714.216 - 1.058ms returns FALSE
T589C 061:714.380 JLINK_IsHalted()
T589C 061:715.464 - 1.081ms returns FALSE
T589C 061:822.804 JLINK_IsHalted()
T589C 061:823.904 - 1.102ms returns FALSE
T589C 061:823.976 JLINK_IsHalted()
T589C 061:824.888 - 0.915ms returns FALSE
T6918 061:907.700 JLINK_IsHalted()
T6918 061:908.792 - 1.093ms returns FALSE
T6918 061:908.884 JLINK_IsHalted()
T6918 061:909.912 - 1.027ms returns FALSE
T589C 061:932.072 JLINK_IsHalted()
T589C 061:933.100 - 1.030ms returns FALSE
T589C 061:933.164 JLINK_IsHalted()
T589C 061:934.024 - 0.850ms returns FALSE
T589C 062:041.256 JLINK_IsHalted()
T589C 062:042.156 - 0.904ms returns FALSE
T589C 062:042.264 JLINK_IsHalted()
T589C 062:043.252 - 0.981ms returns FALSE
T589C 062:151.508 JLINK_IsHalted()
T589C 062:152.596 - 1.081ms returns FALSE
T589C 062:152.680 JLINK_IsHalted()
T589C 062:153.524 - 0.845ms returns FALSE
T589C 062:260.628 JLINK_IsHalted()
T589C 062:261.944 - 1.312ms returns FALSE
T589C 062:262.060 JLINK_IsHalted()
T589C 062:262.956 - 0.899ms returns FALSE
T589C 062:369.448 JLINK_IsHalted()
T589C 062:370.368 - 0.917ms returns FALSE
T589C 062:370.452 JLINK_IsHalted()
T589C 062:371.404 - 0.948ms returns FALSE
T589C 062:479.576 JLINK_IsHalted()
T589C 062:480.660 - 1.081ms returns FALSE
T589C 062:480.748 JLINK_IsHalted()
T589C 062:481.624 - 0.875ms returns FALSE
T589C 062:588.588 JLINK_IsHalted()
T589C 062:589.544 - 0.952ms returns FALSE
T589C 062:589.792 JLINK_IsHalted()
T589C 062:591.092 - 1.294ms returns FALSE
T589C 062:697.452 JLINK_IsHalted()
T589C 062:698.604 - 1.150ms returns FALSE
T589C 062:698.676 JLINK_IsHalted()
T589C 062:699.480 - 0.807ms returns FALSE
T589C 062:808.012 JLINK_IsHalted()
T589C 062:808.960 - 0.947ms returns FALSE
T589C 062:809.036 JLINK_IsHalted()
T589C 062:809.864 - 0.828ms returns FALSE
T6918 062:910.552 JLINK_IsHalted()
T6918 062:911.884 - 1.321ms returns FALSE
T6918 062:912.084 JLINK_IsHalted()
T6918 062:912.928 - 0.847ms returns FALSE
T589C 062:916.920 JLINK_IsHalted()
T589C 062:917.720 - 0.800ms returns FALSE
T589C 062:917.784 JLINK_IsHalted()
T589C 062:918.688 - 0.898ms returns FALSE
T589C 063:025.900 JLINK_IsHalted()
T589C 063:026.860 - 0.957ms returns FALSE
T589C 063:027.008 JLINK_IsHalted()
T589C 063:027.764 - 0.751ms returns FALSE
T589C 063:135.052 JLINK_IsHalted()
T589C 063:136.364 - 1.306ms returns FALSE
T589C 063:136.456 JLINK_IsHalted()
T589C 063:137.152 - 0.696ms returns FALSE
T589C 063:245.652 JLINK_IsHalted()
T589C 063:246.696 - 1.040ms returns FALSE
T589C 063:246.784 JLINK_IsHalted()
T589C 063:247.796 - 1.008ms returns FALSE
T589C 063:353.656 JLINK_IsHalted()
T589C 063:354.632 - 0.974ms returns FALSE
T589C 063:354.712 JLINK_IsHalted()
T589C 063:355.704 - 0.992ms returns FALSE
T589C 063:464.652 JLINK_IsHalted()
T589C 063:465.792 - 1.134ms returns FALSE
T589C 063:465.880 JLINK_IsHalted()
T589C 063:467.336 - 1.452ms returns FALSE
T589C 063:573.160 JLINK_IsHalted()
T589C 063:574.068 - 0.906ms returns FALSE
T589C 063:574.324 JLINK_IsHalted()
T589C 063:575.176 - 0.850ms returns FALSE
T589C 063:683.128 JLINK_IsHalted()
T589C 063:684.160 - 1.031ms returns FALSE
T589C 063:684.232 JLINK_IsHalted()
T589C 063:685.160 - 0.924ms returns FALSE
T589C 063:792.268 JLINK_IsHalted()
T589C 063:793.268 - 0.996ms returns FALSE
T589C 063:793.368 JLINK_IsHalted()
T589C 063:794.248 - 0.872ms returns FALSE
T589C 063:900.628 JLINK_IsHalted()
T589C 063:901.580 - 0.954ms returns FALSE
T589C 063:901.664 JLINK_IsHalted()
T589C 063:902.552 - 0.892ms returns FALSE
T6918 063:913.548 JLINK_IsHalted()
T6918 063:914.548 - 1.002ms returns FALSE
T6918 063:914.644 JLINK_IsHalted()
T6918 063:915.544 - 0.900ms returns FALSE
T589C 064:010.536 JLINK_IsHalted()
T589C 064:011.712 - 1.184ms returns FALSE
T589C 064:011.848 JLINK_IsHalted()
T589C 064:013.100 - 1.236ms returns FALSE
T589C 064:119.752 JLINK_IsHalted()
T589C 064:120.820 - 1.067ms returns FALSE
T589C 064:120.920 JLINK_IsHalted()
T589C 064:121.972 - 1.048ms returns FALSE
T589C 064:229.376 JLINK_IsHalted()
T589C 064:230.520 - 1.148ms returns FALSE
T589C 064:230.616 JLINK_IsHalted()
T589C 064:231.468 - 0.851ms returns FALSE
T589C 064:338.508 JLINK_IsHalted()
T589C 064:339.360 - 0.851ms returns FALSE
T589C 064:339.448 JLINK_IsHalted()
T589C 064:340.148 - 0.691ms returns FALSE
T589C 064:447.796 JLINK_IsHalted()
T589C 064:449.076 - 1.278ms returns FALSE
T589C 064:449.172 JLINK_IsHalted()
T589C 064:449.972 - 0.797ms returns FALSE
T589C 064:557.192 JLINK_IsHalted()
T589C 064:558.176 - 0.985ms returns FALSE
T589C 064:558.252 JLINK_IsHalted()
T589C 064:559.156 - 0.896ms returns FALSE
T589C 064:666.712 JLINK_IsHalted()
T589C 064:667.672 - 0.959ms returns FALSE
T589C 064:667.752 JLINK_IsHalted()
T589C 064:668.640 - 0.888ms returns FALSE
T589C 064:776.168 JLINK_IsHalted()
T589C 064:777.548 - 1.381ms returns FALSE
T589C 064:777.640 JLINK_IsHalted()
T589C 064:778.616 - 0.976ms returns FALSE
T589C 064:885.024 JLINK_IsHalted()
T589C 064:885.912 - 0.889ms returns FALSE
T589C 064:886.016 JLINK_IsHalted()
T589C 064:886.696 - 0.675ms returns FALSE
T6918 064:915.660 JLINK_IsHalted()
T6918 064:916.488 - 0.822ms returns FALSE
T6918 064:916.568 JLINK_IsHalted()
T6918 064:917.196 - 0.621ms returns FALSE
T589C 064:994.476 JLINK_IsHalted()
T589C 064:995.816 - 1.337ms returns FALSE
T589C 064:995.924 JLINK_IsHalted()
T589C 064:996.760 - 0.838ms returns FALSE
T2E04 065:517.952 JLINK_ClrBPEx(BPHandle = 0x00000002)
T2E04 065:518.740   CPU is running
T2E04 065:526.644 - 8.690ms returns 0x00
T2E04 065:526.872 JLINK_Halt()
T2E04 065:546.520 - 19.645ms returns 0x00
T2E04 065:546.636 JLINK_ReadReg(AARCH32_CPSR)
T2E04 065:546.664 - 0.029ms returns 0x000001B7
T2E04 065:551.660 JLINK_Close()
T2E04 065:563.904 - 12.241ms
T2E04 065:563.960   
T2E04 065:563.976   Closed
