T3C84 000:002.209   SEGGER J-Link V7.98c Log File
T3C84 000:002.561   DLL Compiled: Aug  7 2024 15:37:06
T3C84 000:002.598   Logging started @ 2025-01-13 07:07
T3C84 000:002.631   Process: C:\Users\jerry.chen\.eclipse\com.renesas.platform_1435879475\DebugComp\RZ\e2-server-gdb.exe
T3C84 000:002.674 - 2.669ms
T3C84 000:002.728 JLINK_GetDLLVersion()
T3C84 000:002.767 - 0.038ms returns 79803
T3C84 000:004.444 JLINK_OpenEx(...)
T3C84 000:023.698   Firmware: J-Link OB-S124 compiled Jul  3 2024 17:03:07
T3C84 000:025.316   Firmware: J-Link OB-S124 compiled Jul  3 2024 17:03:07
T3C84 000:051.932   Hardware: V1.00
T3C84 000:052.034   S/N: 839004651
T3C84 000:052.068   OEM: SEGGER
T3C84 000:052.101   Feature(s): None
T3C84 000:053.753   Bootloader: 2019 Oct 15
T3C84 000:054.995   USB speed mode: Full speed (12 MBit/s)
T3C84 000:056.136   TELNET listener socket opened on port 19021
T3C84 000:056.824   WEBSRV WEBSRV_Init(): Starting webserver thread(s)
T3C84 000:057.357   WEBSRV Webserver running on local port 19080
T3C84 000:057.889   Looking for J-Link GUI Server exe at: C:\Users\jerry.chen\.eclipse\com.renesas.platform_1435879475\DebugComp\RZ\ARM\Segger_v7.98.3\JLinkGUIServer.exe
T3C84 000:058.442   Looking for J-Link GUI Server exe at: C:\Program Files\SEGGER\JLink\JLinkGUIServer.exe
T3C84 000:058.649   Forking J-Link GUI Server: C:\Program Files\SEGGER\JLink\JLinkGUIServer.exe
T3C84 000:174.500   J-Link GUI Server info: "J-Link GUI server V7.98i "
T3C84 000:187.156 - 182.702ms returns "O.K."
T3C84 000:187.784 JLINK_ExecCommand("ProjectFile=E:\RS_workspace\rzt2m_coremark_fsp220_cpu0/rzt2m_coremark_fsp220_cpu0 Debug_Flat.jlink", ...). 
T3C84 000:254.583 - 66.801ms returns 0x00
T3C84 000:255.771 JLINK_ExecCommand("device=R9A07G075M24_CPU0", ...). 
T3C84 000:257.716   Flash bank @ 0x60000000: SFL: Parsing sectorization info from ELF file
T3C84 000:257.813     FlashDevice.SectorInfo[0]: .SectorSize = 0x00010000, .SectorStartAddr = 0x00000000
T3C84 000:266.195   Flash bank @ 0x68000000: SFL: Parsing sectorization info from ELF file
T3C84 000:266.301     FlashDevice.SectorInfo[0]: .SectorSize = 0x00010000, .SectorStartAddr = 0x00000000
T3C84 000:286.793   Device "R9A07G075M24_CPU0" selected.
T3C84 000:291.643 - 35.807ms returns 0x00
T3C84 000:291.790 JLINK_ExecCommand("SetCPUConnectIDCODE = FFFFFFFFFFFFFFFFFFFFFFFFFFFFFFFF", ...). 
T3C84 000:291.831 - 0.006ms returns 0x00
T3C84 000:291.863 JLINK_TIF_GetAvailable(...)
T3C84 000:292.452 - 0.588ms
T3C84 000:292.521 JLINK_TIF_Select(JLINKARM_TIF_SWD)
T3C84 000:294.189 - 1.667ms returns 0x00
T3C84 000:294.255 JLINK_SetSpeed(4000)
T3C84 000:294.792 - 0.539ms
T3C84 000:295.021 JLINK_SetEndian(ARM_ENDIAN_LITTLE)
T3C84 000:295.060 - 0.038ms returns 0
T3C84 000:295.100 JLINK_SetInitRegsOnReset(OFF)
T3C84 000:295.144 - 0.043ms returns 1
T3C84 000:295.185 JLINK_SetResetType(JLINKARM_RESET_TYPE_NORMAL)
T3C84 000:295.224 - 0.039ms returns JLINKARM_RESET_TYPE_NORMAL
T3C84 000:295.281 JLINK_ExecCommand("EnableFlashBPs", ...). 
T3C84 000:295.325 - 0.001ms returns 0x00
T3C84 000:295.414 JLINK_ExecCommand("SetAllowFlashCache = 1", ...). 
T3C84 000:295.498 - 0.001ms returns 0x01
T3C84 000:295.588 JLINK_ExecCommand("SetRestartOnClose = 0", ...). 
T3C84 000:295.640 - 0.003ms returns 0x01
T3C84 000:295.727 JLINK_EnableSoftBPs(ON)
T3C84 000:295.775 - 0.055ms
T3C84 000:295.818 JLINK_Connect()
T3C84 000:296.415   ConfigTargetSettings() start
T3C84 000:296.481    J-Link Script File: Executing ConfigTargetSettings()
T3C84 000:296.572   ConfigTargetSettings() end - Took 91us
T3C84 000:296.632   InitTarget() start
T3C84 000:296.683    J-Link Script File: Executing InitTarget()
T3C84 000:302.680   Authenticated device detected. Skipping authentication process.
T3C84 000:302.791     OCDREG_STATUS: 0x00000001
T3C84 000:302.865   InitTarget() end - Took 6.17ms
T3C84 000:304.521   Found SW-DP with ID 0x6BA02477
T3C84 000:309.235   DPIDR: 0x6BA02477
T3C84 000:309.332   CoreSight SoC-400 or earlier
T3C84 000:309.398   AP map detection skipped. Manually configured AP map found.
T3C84 000:309.589   AP[0]: APB-AP (IDR: Not set)
T3C84 000:309.647   AP[1]: APB-AP (IDR: Not set)
T3C84 000:309.711   AP[2]: AXI-AP (IDR: Not set)
T3C84 000:309.766   Using preconfigured AP[1] as APB-AP
T3C84 000:309.824   AP[1]: APB-AP found
T3C84 000:309.878   DebugRegs + CTI manually specified. ROM table scan skipped.
T3C84 000:311.937   Cortex-R52 @ 0x80410000 (configured)
T3C84 000:312.014   CoreCTI @ 0x80420000 (configured)
T3C84 000:314.527   Debug architecture: ARMv8.0
T3C84 000:314.604   8 code breakpoints, 8 data breakpoints
T3C84 000:316.331   Processor features:
T3C84 000:316.392     EL0 support: AArch32
T3C84 000:316.428     EL1 support: AArch32
T3C84 000:316.467     EL2 support: AArch32
T3C84 000:316.504     EL3 support: N/A
T3C84 000:316.544     FPU support: Single + Double + Conversion
T3C84 000:317.510   -- Max. mem block: 0x00001B00
T3C84 000:320.056   Add. info (CPU temp. halted)
T3C84 000:339.870   Current exception level: EL1
T3C84 000:339.974   Exception level AArch usage:
T3C84 000:340.022     EL0: AArch32
T3C84 000:340.058     EL1: AArch32
T3C84 000:340.096     EL2: AArch32
T3C84 000:340.132     EL3: AArch32
T3C84 000:340.171   Non-secure status: Non-secure
T3C84 000:341.412   Cache info:
T3C84 000:341.503     Inner cache boundary: none
T3C84 000:341.553     LoU Uniprocessor: 1
T3C84 000:341.602     LoC: 1
T3C84 000:341.655     LoU Inner Shareable: 1
T3C84 000:344.640   I-Cache L1: 16 KB, 64 Sets, 64 Bytes/Line, 4-Way
T3C84 000:344.722   D-Cache L1: 16 KB, 64 Sets, 64 Bytes/Line, 4-Way
T3C84 000:348.585 - 52.766ms returns 0x00
T3C84 000:348.668 JLINK_Halt()
T3C84 000:367.246 - 18.576ms returns 0x00
T3C84 000:367.333 JLINK_IsHalted()
T3C84 000:367.359 - 0.026ms returns TRUE
T3C84 000:367.398 JLINK_ResetPullsRESET(ON)
T3C84 000:367.423 - 0.025ms
T3C84 000:367.453 JLINK_Reset()
T3C84 000:367.484   ResetTarget() start
T3C84 000:367.535    J-Link Script File: Executing ResetTarget()
T3C84 000:367.568   Reset: Halt core immediately after reset using reset catch.
T3C84 000:579.133   Authenticated device detected. Skipping authentication process.
T3C84 000:579.222     OCDREG_STATUS: 0x00000001
T3C84 000:583.941   Disabled core power domain detected.
T3C84 000:590.491   Enabling debug mode...
T3C84 000:594.484   ResetTarget() end - Took 226ms
T3C84 000:615.018 - 247.563ms
T3C84 000:615.207 JLINK_IsHalted()
T3C84 000:615.240 - 0.032ms returns TRUE
T3C84 000:615.679 JLINK_MeasureCPUSpeed(RAMAddr = 0xFFFFFFFF)
T3C84 000:615.716 - 0.037ms returns 0
T3C84 000:615.931 JLINK_ReadReg(AARCH32_CPSR)
T3C84 000:615.968 - 0.036ms returns 0x200001F3
T3454 003:002.818 JLINK_BeginDownload(Flags = 0x00000000)
T3454 003:002.881 - 0.064ms
T3454 003:017.733 JLINK_IsHalted()
T3454 003:018.484 - 0.749ms returns TRUE
T3454 003:018.546 JLINK_WriteMem(0x60000000, 0x4C Bytes, ...)
T3454 003:018.564   Data:  00 00 00 00 00 00 00 00 00 00 00 00 00 00 00 00 ...
T3454 003:018.882   completely In flash
T3454 003:018.932 - 0.386ms returns 0x4C
T3454 003:020.000 JLINK_IsHalted()
T3454 003:020.080 - 0.079ms returns TRUE
T3454 003:020.110 JLINK_WriteMem(0x6000004C, 0xBB4 Bytes, ...)
T3454 003:020.132   Data:  83 07 0B E3 00 00 40 E3 30 0F 81 EE 11 1F 91 EE ...
T3454 003:020.166   completely In flash
T3454 003:020.195 - 0.085ms returns 0xBB4
T3454 003:020.841 JLINK_IsHalted()
T3454 003:020.910 - 0.068ms returns TRUE
T3454 003:020.940 JLINK_WriteMem(0x60000C00, 0x84C Bytes, ...)
T3454 003:020.966   Data:  BF F3 5F 8F 30 EE 30 5F 15 F0 E0 6F C5 F3 02 66 ...
T3454 003:021.022   completely In flash
T3454 003:021.065 - 0.126ms returns 0x84C
T3454 003:021.665 JLINK_IsHalted()
T3454 003:021.744 - 0.079ms returns TRUE
T3454 003:021.772 JLINK_WriteMem(0x60001450, 0x918 Bytes, ...)
T3454 003:021.799   Data:  12 00 00 00 C7 FF 07 00 12 00 10 00 C7 FF 10 00 ...
T3454 003:021.847   completely In flash
T3454 003:021.890 - 0.118ms returns 0x918
T3454 003:022.371 JLINK_IsHalted()
T3454 003:022.432 - 0.061ms returns TRUE
T3454 003:022.460 JLINK_WriteMem(0x60001D68, 0x80 Bytes, ...)
T3454 003:022.499   Data:  18 F0 9F E5 18 F0 9F E5 18 F0 9F E5 18 F0 9F E5 ...
T3454 003:022.550   completely In flash
T3454 003:022.589 - 0.128ms returns 0x80
T3454 003:023.140 JLINK_IsHalted()
T3454 003:023.219 - 0.079ms returns TRUE
T3454 003:023.249 JLINK_WriteMem(0x60001DE8, 0xBA8 Bytes, ...)
T3454 003:023.275   Data:  4A F2 3C 23 10 46 C0 F2 00 03 1A 6A 80 B1 01 39 ...
T3454 003:023.328   completely In flash
T3454 003:023.370 - 0.121ms returns 0xBA8
T3454 003:023.849 JLINK_IsHalted()
T3454 003:023.902 - 0.054ms returns TRUE
T3454 003:023.937 JLINK_WriteMem(0x60002990, 0xBB0 Bytes, ...)
T3454 003:023.964   Data:  20 0E 00 FA 04 F0 2A DB 01 24 43 F2 90 55 4F EA ...
T3454 003:024.008   completely In flash
T3454 003:024.048 - 0.112ms returns 0xBB0
T3454 003:024.498 JLINK_IsHalted()
T3454 003:024.554 - 0.055ms returns TRUE
T3454 003:024.582 JLINK_WriteMem(0x60003540, 0xBC0 Bytes, ...)
T3454 003:024.607   Data:  F2 DC 00 2D 18 BF B9 F1 00 0F 15 DD 44 B9 2A 46 ...
T3454 003:024.648   completely In flash
T3454 003:024.688 - 0.105ms returns 0xBC0
T3454 003:025.614 JLINK_IsHalted()
T3454 003:025.673 - 0.058ms returns TRUE
T3454 003:025.694 JLINK_WriteMem(0x60004100, 0xBB0 Bytes, ...)
T3454 003:025.711   Data:  A6 2C D5 EF A7 4C 62 EF E0 08 BB 42 64 EF E0 08 ...
T3454 003:025.740   completely In flash
T3454 003:025.769 - 0.075ms returns 0xBB0
T3454 003:026.323 JLINK_IsHalted()
T3454 003:026.394 - 0.070ms returns TRUE
T3454 003:026.424 JLINK_WriteMem(0x60004CB0, 0xBB0 Bytes, ...)
T3454 003:026.457   Data:  40 1C 1B 78 01 31 42 F8 40 1C 00 2B EF D1 A1 45 ...
T3454 003:026.497   completely In flash
T3454 003:026.533 - 0.108ms returns 0xBB0
T3454 003:027.018 JLINK_IsHalted()
T3454 003:027.089 - 0.071ms returns TRUE
T3454 003:027.117 JLINK_WriteMem(0x60005860, 0xBA0 Bytes, ...)
T3454 003:027.144   Data:  C8 45 09 DC 23 68 9B 07 00 F1 07 81 E0 68 0B 9B ...
T3454 003:027.189   completely In flash
T3454 003:027.228 - 0.111ms returns 0xBA0
T3454 003:027.802 JLINK_IsHalted()
T3454 003:027.882 - 0.080ms returns TRUE
T3454 003:027.910 JLINK_WriteMem(0x60006400, 0xBB0 Bytes, ...)
T3454 003:027.934   Data:  03 D0 21 46 28 46 02 F0 CC FD B4 F9 0C 30 13 F0 ...
T3454 003:027.976   completely In flash
T3454 003:028.020 - 0.109ms returns 0xBB0
T3454 003:028.464 JLINK_IsHalted()
T3454 003:028.526 - 0.061ms returns TRUE
T3454 003:028.544 JLINK_WriteMem(0x60006FB0, 0xBC0 Bytes, ...)
T3454 003:028.563   Data:  00 30 33 46 1E 46 01 3B 16 F8 01 2C 39 2A 50 D0 ...
T3454 003:028.595   completely In flash
T3454 003:028.621 - 0.077ms returns 0xBC0
T3454 003:029.063 JLINK_IsHalted()
T3454 003:029.098 - 0.035ms returns TRUE
T3454 003:029.121 JLINK_WriteMem(0x60007B70, 0xBB0 Bytes, ...)
T3454 003:029.146   Data:  05 D0 06 2F 2A D1 01 36 00 23 11 96 09 93 0E 9B ...
T3454 003:029.174   completely In flash
T3454 003:029.204 - 0.083ms returns 0xBB0
T3454 003:029.682 JLINK_IsHalted()
T3454 003:029.743 - 0.061ms returns TRUE
T3454 003:029.762 JLINK_WriteMem(0x60008720, 0xB90 Bytes, ...)
T3454 003:029.781   Data:  BA F1 00 0F 07 D1 18 46 9D E7 07 B1 5B 42 BA F1 ...
T3454 003:029.814   completely In flash
T3454 003:029.840 - 0.077ms returns 0xB90
T3454 003:030.605 JLINK_IsHalted()
T3454 003:030.659 - 0.054ms returns TRUE
T3454 003:030.678 JLINK_WriteMem(0x600092B0, 0xBC0 Bytes, ...)
T3454 003:030.695   Data:  23 60 38 BD 08 A4 00 00 9F ED 01 0B 70 47 00 BF ...
T3454 003:030.722   completely In flash
T3454 003:030.746 - 0.068ms returns 0xBC0
T3454 003:031.215 JLINK_IsHalted()
T3454 003:031.270 - 0.055ms returns TRUE
T3454 003:031.290 JLINK_WriteMem(0x60009E70, 0x4F4 Bytes, ...)
T3454 003:031.309   Data:  B3 EB 01 1F 00 BF 40 EB 00 00 28 BF A3 EB 01 13 ...
T3454 003:031.337   completely In flash
T3454 003:031.365 - 0.074ms returns 0x4F4
T3454 003:031.772 JLINK_IsHalted()
T3454 003:031.822 - 0.049ms returns TRUE
T3454 003:031.842 JLINK_WriteMem(0x6000A364, 0x8 Bytes, ...)
T3454 003:031.860   Data:  0C AF FF 7F 01 00 00 00
T3454 003:031.887   completely In flash
T3454 003:031.914 - 0.071ms returns 0x8
T3454 003:032.565 JLINK_IsHalted()
T3454 003:032.620 - 0.054ms returns TRUE
T3454 003:032.650 JLINK_WriteMem(0x6000A370, 0xBE0 Bytes, ...)
T3454 003:032.676   Data:  10 33 00 00 01 00 00 00 30 75 00 00 66 00 00 00 ...
T3454 003:032.722   completely In flash
T3454 003:032.763 - 0.113ms returns 0xBE0
T3454 003:033.339 JLINK_IsHalted()
T3454 003:033.402 - 0.063ms returns TRUE
T3454 003:033.432 JLINK_WriteMem(0x6000AF50, 0xBE0 Bytes, ...)
T3454 003:033.460   Data:  58 22 00 00 06 12 00 00 38 22 00 00 07 12 00 00 ...
T3454 003:033.506   completely In flash
T3454 003:033.548 - 0.115ms returns 0xBE0
T3454 003:034.030 JLINK_IsHalted()
T3454 003:034.088 - 0.058ms returns TRUE
T3454 003:034.107 JLINK_WriteMem(0x6000BB30, 0x2C4 Bytes, ...)
T3454 003:034.126   Data:  45 46 47 00 43 00 50 4F 53 49 58 00 2F 64 61 74 ...
T3454 003:034.160   completely In flash
T3454 003:034.187 - 0.080ms returns 0x2C4
T3454 003:035.454 JLINK_IsHalted()
T3454 003:035.531 - 0.076ms returns TRUE
T3454 003:035.551 JLINK_WriteMem(0x60020000, 0xBE0 Bytes, ...)
T3454 003:035.569   Data:  18 F0 9F E5 18 F0 9F E5 18 F0 9F E5 18 F0 9F E5 ...
T3454 003:035.600   completely In flash
T3454 003:035.626 - 0.075ms returns 0xBE0
T3454 003:036.626 JLINK_IsHalted()
T3454 003:036.693 - 0.066ms returns TRUE
T3454 003:036.713 JLINK_WriteMem(0x60020BE0, 0xBD0 Bytes, ...)
T3454 003:036.731   Data:  00 00 00 00 00 00 00 00 00 00 00 00 00 00 00 00 ...
T3454 003:036.762   completely In flash
T3454 003:036.789 - 0.076ms returns 0xBD0
T3454 003:037.369 JLINK_IsHalted()
T3454 003:037.443 - 0.074ms returns TRUE
T3454 003:037.471 JLINK_WriteMem(0x600217B0, 0xBC0 Bytes, ...)
T3454 003:037.497   Data:  00 64 E4 B2 33 D0 C3 F3 41 02 01 2A E9 D9 13 F0 ...
T3454 003:037.544   completely In flash
T3454 003:037.578 - 0.106ms returns 0xBC0
T3454 003:038.202 JLINK_IsHalted()
T3454 003:038.277 - 0.074ms returns TRUE
T3454 003:038.304 JLINK_WriteMem(0x60022370, 0xBE0 Bytes, ...)
T3454 003:038.331   Data:  00 00 00 00 00 00 00 00 00 00 00 00 00 00 00 00 ...
T3454 003:038.373   completely In flash
T3454 003:038.412 - 0.107ms returns 0xBE0
T3454 003:038.953 JLINK_IsHalted()
T3454 003:039.008 - 0.056ms returns TRUE
T3454 003:039.029 JLINK_WriteMem(0x60022F50, 0xBE0 Bytes, ...)
T3454 003:039.046   Data:  00 00 00 00 00 00 00 00 00 00 00 00 00 00 00 00 ...
T3454 003:039.076   completely In flash
T3454 003:039.102 - 0.073ms returns 0xBE0
T3454 003:039.742 JLINK_IsHalted()
T3454 003:039.801 - 0.059ms returns TRUE
T3454 003:039.820 JLINK_WriteMem(0x60023B30, 0xBE0 Bytes, ...)
T3454 003:039.838   Data:  00 00 00 00 00 00 00 00 00 00 00 00 00 00 00 00 ...
T3454 003:039.866   completely In flash
T3454 003:039.892 - 0.072ms returns 0xBE0
T3454 003:040.213 JLINK_IsHalted()
T3454 003:040.243 - 0.030ms returns TRUE
T3454 003:040.261 JLINK_WriteMem(0x60024710, 0xBE0 Bytes, ...)
T3454 003:040.279   Data:  00 00 00 00 00 00 00 00 00 00 00 00 00 00 00 00 ...
T3454 003:040.307   completely In flash
T3454 003:040.332 - 0.071ms returns 0xBE0
T3454 003:041.232 JLINK_IsHalted()
T3454 003:041.293 - 0.061ms returns TRUE
T3454 003:041.313 JLINK_WriteMem(0x600252F0, 0xBE0 Bytes, ...)
T3454 003:041.330   Data:  00 00 00 00 00 00 00 00 00 00 00 00 00 00 00 00 ...
T3454 003:041.356   completely In flash
T3454 003:041.387 - 0.073ms returns 0xBE0
T3454 003:042.158 JLINK_IsHalted()
T3454 003:042.230 - 0.072ms returns TRUE
T3454 003:042.258 JLINK_WriteMem(0x60025ED0, 0xBE0 Bytes, ...)
T3454 003:042.283   Data:  00 00 00 00 00 00 00 00 00 00 00 00 00 00 00 00 ...
T3454 003:042.360   completely In flash
T3454 003:042.388 - 0.130ms returns 0xBE0
T3454 003:042.994 JLINK_IsHalted()
T3454 003:043.049 - 0.055ms returns TRUE
T3454 003:043.069 JLINK_WriteMem(0x60026AB0, 0xBE0 Bytes, ...)
T3454 003:043.092   Data:  00 00 00 00 00 00 00 00 00 00 00 00 00 00 00 00 ...
T3454 003:043.127   completely In flash
T3454 003:043.159 - 0.090ms returns 0xBE0
T3454 003:043.674 JLINK_IsHalted()
T3454 003:043.742 - 0.067ms returns TRUE
T3454 003:043.769 JLINK_WriteMem(0x60027690, 0xBE0 Bytes, ...)
T3454 003:043.915   Data:  00 00 00 00 00 00 00 00 00 00 00 00 00 00 00 00 ...
T3454 003:044.001   completely In flash
T3454 003:044.047 - 0.277ms returns 0xBE0
T3454 003:044.702 JLINK_IsHalted()
T3454 003:044.764 - 0.062ms returns TRUE
T3454 003:044.784 JLINK_WriteMem(0x60028270, 0xBE0 Bytes, ...)
T3454 003:044.802   Data:  00 00 00 00 00 00 00 00 00 00 00 00 00 00 00 00 ...
T3454 003:044.832   completely In flash
T3454 003:044.860 - 0.076ms returns 0xBE0
T3454 003:045.451 JLINK_IsHalted()
T3454 003:045.515 - 0.063ms returns TRUE
T3454 003:045.535 JLINK_WriteMem(0x60028E50, 0xBE0 Bytes, ...)
T3454 003:045.553   Data:  00 00 00 00 00 00 00 00 00 00 00 00 00 00 00 00 ...
T3454 003:045.586   completely In flash
T3454 003:045.614 - 0.079ms returns 0xBE0
T3454 003:046.220 JLINK_IsHalted()
T3454 003:046.287 - 0.066ms returns TRUE
T3454 003:046.317 JLINK_WriteMem(0x60029A30, 0xBE0 Bytes, ...)
T3454 003:046.343   Data:  00 00 00 00 00 00 00 00 00 00 00 00 00 00 00 00 ...
T3454 003:046.384   completely In flash
T3454 003:046.427 - 0.110ms returns 0xBE0
T3454 003:046.872 JLINK_IsHalted()
T3454 003:046.938 - 0.066ms returns TRUE
T3454 003:046.966 JLINK_WriteMem(0x6002A610, 0xBE0 Bytes, ...)
T3454 003:046.992   Data:  00 00 00 00 00 00 00 00 00 00 00 00 00 00 00 00 ...
T3454 003:047.034   completely In flash
T3454 003:047.075 - 0.108ms returns 0xBE0
T3454 003:047.972 JLINK_IsHalted()
T3454 003:048.033 - 0.061ms returns TRUE
T3454 003:048.061 JLINK_WriteMem(0x6002B1F0, 0xBE0 Bytes, ...)
T3454 003:048.086   Data:  00 00 00 00 00 00 00 00 00 00 00 00 00 00 00 00 ...
T3454 003:048.168   completely In flash
T3454 003:048.209 - 0.148ms returns 0xBE0
T3454 003:048.660 JLINK_IsHalted()
T3454 003:048.708 - 0.047ms returns TRUE
T3454 003:048.726 JLINK_WriteMem(0x6002BDD0, 0xBE0 Bytes, ...)
T3454 003:048.744   Data:  00 00 00 00 00 00 00 00 00 00 00 00 00 00 00 00 ...
T3454 003:048.772   completely In flash
T3454 003:048.798 - 0.072ms returns 0xBE0
T3454 003:049.372 JLINK_IsHalted()
T3454 003:049.428 - 0.056ms returns TRUE
T3454 003:049.455 JLINK_WriteMem(0x6002C9B0, 0xBE0 Bytes, ...)
T3454 003:049.613   Data:  00 00 00 00 00 00 00 00 00 00 00 00 00 00 00 00 ...
T3454 003:049.714   completely In flash
T3454 003:049.764 - 0.308ms returns 0xBE0
T3454 003:050.242 JLINK_IsHalted()
T3454 003:050.312 - 0.070ms returns TRUE
T3454 003:050.333 JLINK_WriteMem(0x6002D590, 0xBE0 Bytes, ...)
T3454 003:050.350   Data:  00 00 00 00 00 00 00 00 00 00 00 00 00 00 00 00 ...
T3454 003:050.420   completely In flash
T3454 003:050.446 - 0.113ms returns 0xBE0
T3454 003:050.914 JLINK_IsHalted()
T3454 003:050.961 - 0.047ms returns TRUE
T3454 003:050.979 JLINK_WriteMem(0x6002E170, 0xBE0 Bytes, ...)
T3454 003:050.997   Data:  00 00 00 00 00 00 00 00 00 00 00 00 00 00 00 00 ...
T3454 003:051.035   completely In flash
T3454 003:051.061 - 0.082ms returns 0xBE0
T3454 003:051.463 JLINK_IsHalted()
T3454 003:051.512 - 0.049ms returns TRUE
T3454 003:051.531 JLINK_WriteMem(0x6002ED50, 0xBE0 Bytes, ...)
T3454 003:051.548   Data:  00 00 00 00 00 00 00 00 00 00 00 00 00 00 00 00 ...
T3454 003:051.579   completely In flash
T3454 003:051.607 - 0.076ms returns 0xBE0
T3454 003:052.020 JLINK_IsHalted()
T3454 003:052.052 - 0.032ms returns TRUE
T3454 003:052.074 JLINK_WriteMem(0x6002F930, 0xBD0 Bytes, ...)
T3454 003:052.095   Data:  00 00 00 00 00 00 00 00 00 00 00 00 00 00 00 00 ...
T3454 003:052.128   completely In flash
T3454 003:052.153 - 0.079ms returns 0xBD0
T3454 003:052.556 JLINK_IsHalted()
T3454 003:052.594 - 0.037ms returns TRUE
T3454 003:052.620 JLINK_WriteMem(0x60030500, 0xBC0 Bytes, ...)
T3454 003:052.638   Data:  01 9A 1A 60 02 B0 10 BD 68 46 F6 E7 82 68 01 69 ...
T3454 003:052.664   completely In flash
T3454 003:052.690 - 0.070ms returns 0xBC0
T3454 003:053.345 JLINK_IsHalted()
T3454 003:053.402 - 0.057ms returns TRUE
T3454 003:053.431 JLINK_WriteMem(0x600310C0, 0xBB0 Bytes, ...)
T3454 003:053.457   Data:  02 52 4F F4 00 71 01 20 92 08 08 E0 25 68 01 F5 ...
T3454 003:053.604   completely In flash
T3454 003:053.644 - 0.212ms returns 0xBB0
T3454 003:054.128 JLINK_IsHalted()
T3454 003:054.196 - 0.069ms returns TRUE
T3454 003:054.224 JLINK_WriteMem(0x60031C70, 0xBC0 Bytes, ...)
T3454 003:054.251   Data:  DD F8 24 80 67 46 00 26 CD F8 00 E0 96 46 57 F8 ...
T3454 003:054.292   completely In flash
T3454 003:054.331 - 0.107ms returns 0xBC0
T3454 003:054.773 JLINK_IsHalted()
T3454 003:054.827 - 0.054ms returns TRUE
T3454 003:054.846 JLINK_WriteMem(0x60032830, 0xBA0 Bytes, ...)
T3454 003:054.864   Data:  0C EA 03 0C 8C EA 5E 0C 1F FA 8C FC 8C EA D1 11 ...
T3454 003:054.895   completely In flash
T3454 003:054.923 - 0.076ms returns 0xBA0
T3454 003:055.439 JLINK_IsHalted()
T3454 003:055.543 - 0.104ms returns TRUE
T3454 003:055.578 JLINK_WriteMem(0x600333D0, 0xBA0 Bytes, ...)
T3454 003:055.606   Data:  01 F1 43 0B 78 2F 10 9D 07 D8 62 2F 0A D8 00 2F ...
T3454 003:055.649   completely In flash
T3454 003:055.689 - 0.111ms returns 0xBA0
T3454 003:056.365 JLINK_IsHalted()
T3454 003:056.449 - 0.083ms returns TRUE
T3454 003:056.478 JLINK_WriteMem(0x60033F70, 0xBB0 Bytes, ...)
T3454 003:056.508   Data:  10 60 6E D8 00 2C 6C D0 B8 F1 00 0F 40 F3 B4 80 ...
T3454 003:056.550   completely In flash
T3454 003:056.594 - 0.115ms returns 0xBB0
T3454 003:057.084 JLINK_IsHalted()
T3454 003:057.162 - 0.078ms returns TRUE
T3454 003:057.191 JLINK_WriteMem(0x60034B20, 0xBA0 Bytes, ...)
T3454 003:057.217   Data:  A1 46 00 27 5C F8 04 2B D9 F8 00 30 65 45 1F FA ...
T3454 003:057.260   completely In flash
T3454 003:057.299 - 0.108ms returns 0xBA0
T3454 003:057.829 JLINK_IsHalted()
T3454 003:057.912 - 0.082ms returns TRUE
T3454 003:057.941 JLINK_WriteMem(0x600356C0, 0xBA0 Bytes, ...)
T3454 003:057.968   Data:  00 25 08 95 2E 46 2F 46 22 23 4F F0 00 0A 4F F0 ...
T3454 003:058.010   completely In flash
T3454 003:058.050 - 0.109ms returns 0xBA0
T3454 003:058.553 JLINK_IsHalted()
T3454 003:058.625 - 0.072ms returns TRUE
T3454 003:058.650 JLINK_WriteMem(0x60036260, 0xBA0 Bytes, ...)
T3454 003:058.669   Data:  0A 0C 05 93 20 46 10 F8 01 2B 30 3A 09 2A 03 D9 ...
T3454 003:058.700   completely In flash
T3454 003:058.728 - 0.079ms returns 0xBA0
T3454 003:059.247 JLINK_IsHalted()
T3454 003:059.325 - 0.078ms returns TRUE
T3454 003:059.353 JLINK_WriteMem(0x60036E00, 0xBD0 Bytes, ...)
T3454 003:059.379   Data:  20 03 4F F0 FF 32 DA 40 56 F8 04 3C 13 40 46 F8 ...
T3454 003:059.421   completely In flash
T3454 003:059.462 - 0.108ms returns 0xBD0
T3454 003:060.019 JLINK_IsHalted()
T3454 003:060.102 - 0.083ms returns TRUE
T3454 003:060.124 JLINK_WriteMem(0x600379D0, 0xBE0 Bytes, ...)
T3454 003:060.142   Data:  17 2B B5 EE C0 7B F1 EE 10 FA 03 D4 BD E8 08 40 ...
T3454 003:060.169   completely In flash
T3454 003:060.196 - 0.071ms returns 0xBE0
T3454 003:060.807 JLINK_IsHalted()
T3454 003:060.864 - 0.057ms returns TRUE
T3454 003:060.887 JLINK_WriteMem(0x600385B0, 0x5A0 Bytes, ...)
T3454 003:060.909   Data:  00 00 00 00 00 00 00 00 00 00 00 00 00 00 00 00 ...
T3454 003:060.941   completely In flash
T3454 003:060.977 - 0.090ms returns 0x5A0
T3454 003:072.374 JLINK_EndDownload()
T3454 003:072.946    -- --------------------------------------
T3454 003:073.054    -- Start of determining flash info (Bank @ 0x60000000)
T3454 003:073.120    -- Loader provides SEGGER_OPEN_GetFlashInfo(). Determining dynamic flash info (sectorization etc.) now
T3454 003:073.166    -- Preparing RAMCode
T3454 003:073.207    -- Calculating RAM usage
T3454 003:073.249    -- RAM usage = 14136 Bytes
T3454 003:073.287    -- Preserving CPU registers
T3454 003:073.363    -- Preparing memory
T3454 003:073.405    -- Preparing target
T3454 003:073.446    -- Preserving target RAM temporarily used for programming
T3454 003:637.762    -- Downloading RAMCode
T3454 004:106.029    -- Initializing RAMCode (InitType: 3 = Verify)
T3454 004:106.112    -- Executing SEGGER_FL_Prepare(3)
T3454 004:237.607    -- Executing SEGGER_FL_Restore()
T3454 004:261.413    -- Restoring target memory
T3454 004:389.775    -- Restoring CPU registers
T3454 004:389.873    -- SEGGER_OPEN_GetFlashInfo(): Loader detected 1 sector ranges.
T3454 004:389.900    -- End of determining flash info
T3454 004:389.926    -- Start of determining dirty areas in flash cache
T3454 004:389.953    -- Filling invalid ranges in sector buffer (flash cache) for sector @ 0x60000000 if necessary
T3454 004:389.995    -- Filling invalid ranges in sector buffer (flash cache) for sector @ 0x60020000 if necessary
T3454 004:390.025    -- Filling invalid ranges in sector buffer (flash cache) for sector @ 0x60030000 if necessary
T3454 004:403.996    -- End of determining dirty areas
T3454 004:404.059    -- Start of preparing flash programming
T3454 004:404.084    -- Preparing RAMCode
T3454 004:404.216    -- Calculating RAM usage
T3454 004:404.251    -- RAM usage = 26424 Bytes
T3454 004:404.278    -- Preserving CPU registers
T3454 004:404.326    -- Preparing memory
T3454 004:404.350    -- Preparing target
T3454 004:404.374    -- Preserving target RAM temporarily used for programming
T3454 005:458.991    -- Downloading RAMCode
T3454 005:927.773    -- Initializing RAMCode (InitType: 3 = Verify)
T3454 005:927.832    -- Executing SEGGER_FL_Prepare(3)
T3454 006:044.528    -- End of preparing flash programming
T3454 006:107.013    -- CPU speed could not be measured.
T3454 006:107.100    -- Start of comparing flash
T3454 006:107.130    -- CRC check was estimated as fastest method
T3454 006:297.818    -- Comparing range 0x60000000 - 0x6000FFFF (1 Sector, 64 KB), using single-block CRC calculation
T3454 006:297.897    -- Recalculating RAMUsage for optimal performance during programming
T3454 006:297.935    -- RAM usage changed from 26424 to 14136 Bytes
T3454 006:343.888    -- CRC does not match for sector 0
T3454 006:346.290    -- Comparing range 0x60020000 - 0x6003FFFF (2 Sectors, 128 KB), using single-block CRC calculation
T3454 006:346.360    -- Recalculating RAMUsage for optimal performance during programming
T3454 006:346.385    -- RAM usage changed from 26424 to 14136 Bytes
T3454 006:398.023    -- CRC does not match, checking individual sectors
T3454 006:398.095    -- Recalculating RAMUsage for optimal performance during programming
T3454 006:398.129    -- RAM usage changed from 26424 to 14136 Bytes
T3454 006:434.195    -- CRC does not match for sector 2
T3454 006:434.367    -- Recalculating RAMUsage for optimal performance during programming
T3454 006:434.406    -- RAM usage changed from 26424 to 14136 Bytes
T3454 006:470.775    -- CRC does not match for sector 3
T3454 006:470.851    -- End of comparing flash
T3454 006:470.875    -- Start of erasing sectors
T3454 006:470.901    -- Erasing range 0x60000000 - 0x6000FFFF (  1 Sector, 64 KB)
T3454 006:470.925    -- Recalculating RAMUsage for optimal performance during programming
T3454 006:470.949    -- RAM usage changed from 26424 to 14136 Bytes
T3454 006:750.437    -- Erasing range 0x60020000 - 0x6003FFFF (  2 Sectors, 128 KB)
T3454 006:750.536    -- Recalculating RAMUsage for optimal performance during programming
T3454 006:750.587    -- RAM usage changed from 26424 to 14136 Bytes
T3454 007:270.305    -- End of erasing sectors
T3454 007:270.373    -- Start of flash programming
T3454 007:270.409    -- Programming range 0x60000000 - 0x6000FFFF (  1 Sector, 64 KB)
T3454 007:272.889    -- Recalculating RAMUsage for optimal performance during programming
T3454 007:272.966    -- RAM usage changed from 26424 to 14136 Bytes
T3454 009:002.358    -- Programming range 0x60020000 - 0x6002FFFF (  1 Sector, 64 KB)
T3454 009:002.646    -- Recalculating RAMUsage for optimal performance during programming
T3454 009:002.696    -- RAM usage changed from 26424 to 14136 Bytes
T3454 011:328.005    -- Programming range 0x60030000 - 0x6003FFFF (  1 Sector, 64 KB)
T3454 011:328.384    -- Recalculating RAMUsage for optimal performance during programming
T3454 011:328.427    -- RAM usage changed from 26424 to 14136 Bytes
T3454 012:623.637    -- End of flash programming
T3454 012:623.742    -- 0x60000000 - 0x6000FFFF (  1 Sector, 64 KB)
T3454 012:623.786    -- 0x60020000 - 0x6003FFFF (  2 Sectors, 128 KB)
T3454 012:623.834    -- Start of verifying flash
T3454 012:623.874    -- Use CRC or checksum calculation as verify method
T3454 012:623.902    -- Checksum is not supported by this flash bank. Switched to read back method.
T3454 012:623.932    -- Recalculating RAMUsage for optimal performance during programming
T3454 012:623.961    -- RAM usage changed from 26424 to 14136 Bytes
T3454 012:661.440    -- Use CRC or checksum calculation as verify method
T3454 012:661.515    -- Checksum is not supported by this flash bank. Switched to read back method.
T3454 012:661.538    -- Recalculating RAMUsage for optimal performance during programming
T3454 012:661.562    -- RAM usage changed from 26424 to 14136 Bytes
T3454 012:710.660    -- End of verifying flash
T3454 012:710.736    -- Start of restoring
T3454 012:710.766    -- Executing SEGGER_FL_Restore()
T3454 012:735.458    -- Restoring target memory
T3454 012:973.918    -- Restoring CPU registers
T3454 012:974.044    -- End of restoring
T3454 012:974.076    -- Bank 0 @ 0x60000000: 2 ranges affected (196608 bytes)
T3454 012:974.108    -- Total: 8.570s (Prepare: 1.703s, Compare: 0.363s, Erase: 0.799s, Program: 5.353s, Verify: 0.086s, Restore: 0.263s)
T3454 012:974.138    -- Program speed: 35 KB/s
T3454 013:013.285 - 9940.910ms returns 196608 (0x30000)
T3454 013:014.382 JLINK_WriteReg(AARCH32_PC, 0x00102000)
T3454 013:014.434 - 0.052ms returns 0
T3454 013:015.114 JLINK_SetEndian(ARM_ENDIAN_LITTLE)
T3454 013:015.162 - 0.048ms returns 0
T3454 013:015.892 JLINK_ResetPullsRESET(ON)
T3454 013:015.948 - 0.056ms
T3454 013:015.971 JLINK_Halt()
T3454 013:015.996 - 0.024ms returns 0x00
T3454 013:016.017 JLINK_IsHalted()
T3454 013:016.039 - 0.022ms returns TRUE
T3454 013:016.061 JLINK_Reset()
T3454 013:016.092   ResetTarget() start
T3454 013:016.122    J-Link Script File: Executing ResetTarget()
T3454 013:016.146   Reset: Halt core immediately after reset using reset catch.
T3454 013:225.867   Authenticated device detected. Skipping authentication process.
T3454 013:225.927     OCDREG_STATUS: 0x00000001
T3454 013:230.059   Disabled core power domain detected.
T3454 013:236.320   Enabling debug mode...
T3454 013:238.906   CPU not halted after Reset, halting using Halt request.
T3454 013:260.716   ResetTarget() end - Took 244ms
T3454 013:279.333 - 263.271ms
T3454 013:279.396 JLINK_SetEndian(ARM_ENDIAN_LITTLE)
T3454 013:279.417 - 0.020ms returns 0
T3454 013:295.154 JLINK_IsHalted()
T3454 013:295.218 - 0.065ms returns TRUE
T3454 013:295.243 JLINK_ReadMem(0x00102000, 0x4 Bytes, ...)
T3454 013:295.277   CPU_ReadMem(4 bytes @ 0x00102000)
T3454 013:297.403   Data:  83 07 0B E3
T3454 013:297.450 - 2.207ms returns 0
T3454 013:311.992 JLINK_IsHalted()
T3454 013:312.071 - 0.079ms returns TRUE
T3454 013:312.096 JLINK_ReadMem(0x00102000, 0x4 Bytes, ...)
T3454 013:312.133   CPU_ReadMem(4 bytes @ 0x00102000)
T3454 013:314.146   Data:  83 07 0B E3
T3454 013:314.210 - 2.113ms returns 0
T3454 013:319.846 JLINK_IsHalted()
T3454 013:319.906 - 0.060ms returns TRUE
T3454 013:319.932 JLINK_ReadMem(0x0000028A, 0x2 Bytes, ...)
T3454 013:319.967   CPU_ReadMem(2 bytes @ 0x0000028A)
T3454 013:321.534   Data:  C0 F2
T3454 013:321.595 - 1.662ms returns 0
T3454 013:321.878 JLINK_IsHalted()
T3454 013:321.918 - 0.039ms returns TRUE
T3454 013:321.940 JLINK_ReadMem(0x00000100, 0x40 Bytes, ...)
T3454 013:321.990   CPU_ReadMem(64 bytes @ 0x00000100)
T3454 013:326.490   Data:  4A F2 3C 23 10 46 C0 F2 00 03 1A 6A 80 B1 01 39 ...
T3454 013:326.574 - 4.631ms returns 0
T3454 013:327.004 JLINK_IsHalted()
T3454 013:327.038 - 0.035ms returns TRUE
T3454 013:327.062 JLINK_ReadMem(0x0000028A, 0x2 Bytes, ...)
T3454 013:327.090   CPU_ReadMem(2 bytes @ 0x0000028A)
T3454 013:328.695   Data:  C0 F2
T3454 013:328.739 - 1.677ms returns 0
T3454 013:329.286 JLINK_SetBPEx(Addr = 0x0000028A, Type = 0xFFFFFFF2)
T3454 013:329.327 - 0.041ms returns 0x00000001
T3454 013:682.994 JLINK_GetNumBPUnits(Type = 0xFFFFFF00)
T3454 013:683.083 - 0.090ms returns 0x08
T3454 013:683.102 JLINK_GetNumWPUnits()
T3454 013:683.128 - 0.026ms returns 8
T3454 013:683.171 JLINK_GetNumBPUnits(Type = 0xFFFFFF00)
T3454 013:683.194 - 0.022ms returns 0x08
T3454 013:683.211 JLINK_GetNumWPUnits()
T3454 013:683.238 - 0.027ms returns 8
T3454 013:683.267 JLINK_GetNumBPUnits(Type = 0xFFFFFF00)
T3454 013:683.288 - 0.020ms returns 0x08
T3454 013:683.317 JLINK_GetNumWPUnits()
T3454 013:683.346 - 0.027ms returns 8
T3454 013:683.430 JLINK_SetBPEx(Addr = 0x000003C4, Type = 0xFFFFFF00)
T3454 013:683.458 - 0.028ms returns 0x00000002
T3454 013:683.493 JLINK_ClrBPEx(BPHandle = 0x00000002)
T3454 013:683.510 - 0.018ms returns 0x00
T3454 013:696.331 JLINK_IsHalted()
T3454 013:696.658 - 0.325ms returns TRUE
T3454 013:696.685 JLINK_ReadMem(0x000003C0, 0x40 Bytes, ...)
T3454 013:696.734   CPU_ReadMem(64 bytes @ 0x000003C0)
T3454 013:700.989   Data:  70 47 00 BF 08 B5 FF F7 B7 FE 00 20 08 BD 00 BF ...
T3454 013:701.053 - 4.367ms returns 0
T3454 013:701.941 JLINK_IsHalted()
T3454 013:702.035 - 0.092ms returns TRUE
T3454 013:702.059 JLINK_ReadMem(0x000003C4, 0x2 Bytes, ...)
T3454 013:702.094   CPU_ReadMem(2 bytes @ 0x000003C4)
T3454 013:703.843   Data:  08 B5
T3454 013:703.901 - 1.842ms returns 0
T3454 013:704.421 JLINK_SetBPEx(Addr = 0x000003C4, Type = 0xFFFFFF00)
T3454 013:704.456 - 0.035ms returns 0x00000003
T3454 013:759.784 JLINK_ReadRegs(NumRegs = 17, Indexes: 116, 117, 118, 119, 120, 121, 122, 123, 189, 190, 191, 192, 193, 194, 195, 147, 149)
T3454 013:759.877    -- AARCH32_R0=0x00, AARCH32_R1=0x10000000, AARCH32_R2=0x60030A98, AARCH32_R3=0x42A5, AARCH32_R4=0xBF012B01, AARCH32_R5=0x18B50, AARCH32_R6=0x79D51D7, AARCH32_R7=0x78787A8, AARCH32_R8=0x74759F7, AARCH32_R9=0x78787A8, AARCH32_R10=0xF8704D9E, AARCH32_R11=0x00, AARCH32_R12=0x10010A90, AARCH32_R13=0x105CF4, AARCH32_R14=0x62D4, AARCH32_PC=0x1023C6, AARCH32_CPSR=0x200001F3
T3454 013:759.910 - 0.128ms returns 0x00
T3454 013:763.178 JLINK_IsHalted()
T3454 013:764.181 - 1.003ms returns TRUE
T3454 013:764.227 JLINK_ReadMem(0x001023C6, 0x4 Bytes, ...)
T3454 013:764.256   CPU_ReadMem(4 bytes @ 0x001023C6)
T3454 013:767.181   Data:  4C F8 04 4F
T3454 013:767.403 - 3.174ms returns 0
T3454 013:768.459 JLINK_IsHalted()
T3454 013:768.517 - 0.057ms returns TRUE
T3454 013:768.534 JLINK_ReadMem(0x00105CC0, 0x40 Bytes, ...)
T3454 013:768.558   CPU_ReadMem(64 bytes @ 0x00105CC0)
T3454 013:772.862   Data:  A4 B2 9C 42 F0 D3 9B B1 48 F6 84 46 00 24 C0 F2 ...
T3454 013:772.918 - 4.384ms returns 0
T3454 013:773.946 JLINK_IsHalted()
T3454 013:773.998 - 0.052ms returns TRUE
T3454 013:774.016 JLINK_ReadMem(0x0010260E, 0x4 Bytes, ...)
T3454 013:774.040   CPU_ReadMem(4 bytes @ 0x0010260E)
T3454 013:776.573   Data:  00 2C EC D0
T3454 013:776.629 - 2.612ms returns 0
T3454 013:776.989 JLINK_IsHalted()
T3454 013:777.035 - 0.046ms returns TRUE
T3454 013:777.054 JLINK_ReadMem(0x00105D00, 0x40 Bytes, ...)
T3454 013:777.077   CPU_ReadMem(64 bytes @ 0x00105D00)
T3454 013:781.285   Data:  00 20 10 00 4F 22 10 00 03 00 00 00 D0 20 10 00 ...
T3454 013:781.365 - 4.310ms returns 0
T3454 013:790.195 JLINK_IsHalted()
T3454 013:790.374 - 0.181ms returns TRUE
T3454 013:790.397 JLINK_ReadMem(0x001023C6, 0x4 Bytes, ...)
T3454 013:790.442   CPU_ReadMem(4 bytes @ 0x001023C6)
T3454 013:792.930   Data:  4C F8 04 4F
T3454 013:793.280 - 2.882ms returns 0
T3454 013:793.990 JLINK_IsHalted()
T3454 013:794.066 - 0.076ms returns TRUE
T3454 013:794.104 JLINK_ReadMem(0x00105CC0, 0x40 Bytes, ...)
T3454 013:794.150   CPU_ReadMem(64 bytes @ 0x00105CC0)
T3454 013:798.523   Data:  A4 B2 9C 42 F0 D3 9B B1 48 F6 84 46 00 24 C0 F2 ...
T3454 013:798.630 - 4.526ms returns 0
T3454 013:799.216 JLINK_IsHalted()
T3454 013:799.290 - 0.073ms returns TRUE
T3454 013:799.325 JLINK_ReadMem(0x0010260E, 0x4 Bytes, ...)
T3454 013:799.368   CPU_ReadMem(4 bytes @ 0x0010260E)
T3454 013:801.931   Data:  00 2C EC D0
T3454 013:802.030 - 2.704ms returns 0
T3454 013:802.526 JLINK_IsHalted()
T3454 013:802.595 - 0.068ms returns TRUE
T3454 013:802.630 JLINK_ReadMem(0x00105D00, 0x40 Bytes, ...)
T3454 013:802.670   CPU_ReadMem(64 bytes @ 0x00105D00)
T3454 013:807.056   Data:  00 20 10 00 4F 22 10 00 03 00 00 00 D0 20 10 00 ...
T3454 013:807.162 - 4.531ms returns 0
T5670 013:977.928 JLINK_GetNumBPUnits(Type = 0xFFFFFF00)
T5670 013:978.010 - 0.080ms returns 0x08
T5670 013:978.042 JLINK_GetNumWPUnits()
T5670 013:978.075 - 0.032ms returns 8
T5670 013:978.992 JLINK_GetNumBPUnits(Type = 0xFFFFFF00)
T5670 013:979.051 - 0.061ms returns 0x08
T5670 013:979.083 JLINK_GetNumWPUnits()
T5670 013:979.115 - 0.032ms returns 8
T5670 013:979.461 JLINK_GetNumBPUnits(Type = 0xFFFFFF00)
T5670 013:979.517 - 0.056ms returns 0x08
T5670 013:979.552 JLINK_GetNumWPUnits()
T5670 013:979.581 - 0.029ms returns 8
T5670 013:980.797 JLINK_GetNumBPUnits(Type = 0xFFFFFF00)
T5670 013:980.853 - 0.056ms returns 0x08
T5670 013:980.875 JLINK_GetNumWPUnits()
T5670 013:980.898 - 0.022ms returns 8
T5670 013:982.286 JLINK_GetNumBPUnits(Type = 0xFFFFFF00)
T5670 013:982.349 - 0.062ms returns 0x08
T5670 013:982.371 JLINK_GetNumWPUnits()
T5670 013:982.400 - 0.029ms returns 8
T5670 013:982.694 JLINK_GetNumBPUnits(Type = 0xFFFFFF00)
T5670 013:982.773 - 0.080ms returns 0x08
T5670 013:982.819 JLINK_GetNumWPUnits()
T5670 013:982.853 - 0.033ms returns 8
T5670 013:983.248 JLINK_GetNumBPUnits(Type = 0xFFFFFF00)
T5670 013:983.309 - 0.060ms returns 0x08
T5670 013:983.338 JLINK_GetNumWPUnits()
T5670 013:983.451 - 0.113ms returns 8
T5670 013:983.800 JLINK_GetNumBPUnits(Type = 0xFFFFFF00)
T5670 013:983.850 - 0.049ms returns 0x08
T5670 013:983.872 JLINK_GetNumWPUnits()
T5670 013:983.893 - 0.021ms returns 8
T3454 014:076.230 JLINK_IsHalted()
T3454 014:076.299 - 0.068ms returns TRUE
T3454 014:076.322 JLINK_ReadMem(0x00105D00, 0x40 Bytes, ...)
T3454 014:076.352   CPU_ReadMem(64 bytes @ 0x00105D00)
T3454 014:080.594   Data:  00 20 10 00 4F 22 10 00 03 00 00 00 D0 20 10 00 ...
T3454 014:080.656 - 4.334ms returns 0
T3454 014:081.002 JLINK_IsHalted()
T3454 014:081.059 - 0.057ms returns TRUE
T3454 014:081.082 JLINK_ReadMem(0x00105CC0, 0x40 Bytes, ...)
T3454 014:081.112   CPU_ReadMem(64 bytes @ 0x00105CC0)
T3454 014:085.557   Data:  A4 B2 9C 42 F0 D3 9B B1 48 F6 84 46 00 24 C0 F2 ...
T3454 014:085.632 - 4.550ms returns 0
T3454 014:086.045 JLINK_IsHalted()
T3454 014:086.090 - 0.044ms returns TRUE
T3454 014:086.110 JLINK_ReadMem(0x0010224E, 0x4 Bytes, ...)
T3454 014:086.139   CPU_ReadMem(4 bytes @ 0x0010224E)
T3454 014:088.638   Data:  00 F0 05 FA
T3454 014:088.698 - 2.587ms returns 0
T3454 014:090.666 JLINK_IsHalted()
T3454 014:090.734 - 0.069ms returns TRUE
T3454 014:090.757 JLINK_ReadMem(0x001020D0, 0x4 Bytes, ...)
T3454 014:090.787   CPU_ReadMem(4 bytes @ 0x001020D0)
T3454 014:092.635   Data:  A0 04 00 EA
T3454 014:092.699 - 1.942ms returns 0
T3454 014:093.251 JLINK_IsHalted()
T3454 014:093.283 - 0.031ms returns TRUE
T3454 014:093.309 JLINK_ReadMem(0x00105D18, 0x4 Bytes, ...)
T3454 014:093.338   CPU_ReadMem(4 bytes @ 0x00105D18)
T3454 014:095.382   Data:  BD EC 02 8B
T3454 014:095.451 - 2.142ms returns 0
T3454 014:095.821 JLINK_IsHalted()
T3454 014:095.856 - 0.035ms returns TRUE
T3454 014:095.880 JLINK_ReadMem(0x00104D00, 0x40 Bytes, ...)
T3454 014:095.909   CPU_ReadMem(64 bytes @ 0x00104D00)
T3454 014:100.269   Data:  4F F0 00 4E 01 20 4F F4 AA 0C 03 27 A3 68 19 60 ...
T3454 014:100.382 - 4.501ms returns 0
T3454 014:101.187 JLINK_IsHalted()
T3454 014:101.253 - 0.065ms returns TRUE
T3454 014:101.275 JLINK_ReadMem(0x00105D18, 0x4 Bytes, ...)
T3454 014:101.306   CPU_ReadMem(4 bytes @ 0x00105D18)
T3454 014:103.094   Data:  BD EC 02 8B
T3454 014:103.155 - 1.880ms returns 0
T3C84 018:910.002 JLINK_ClrBPEx(BPHandle = 0x00000003)
T3C84 018:910.776 - 0.774ms returns 0x00
T3C84 018:910.882 JLINK_ClrBPEx(BPHandle = 0x00000001)
T3C84 018:910.926 - 0.044ms returns 0x00
T3C84 018:910.972 JLINK_Halt()
T3C84 018:911.012 - 0.041ms returns 0x00
T3C84 018:911.058 JLINK_ReadReg(AARCH32_CPSR)
T3C84 018:911.100 - 0.042ms returns 0x200001F3
T3C84 018:919.316 JLINK_Close()
T3C84 018:943.120 - 23.805ms
T3C84 018:943.214   
T3C84 018:943.254   Closed
